\BOOKMARK [0][-]{section*.4}{List of Figures}{}% 1
\BOOKMARK [0][-]{chapter.1}{Introduction}{}% 2
\BOOKMARK [1][-]{section.1.1}{Machine learning in condensed matter physics}{chapter.1}% 3
\BOOKMARK [1][-]{section.1.2}{Thesis scope and objectives}{chapter.1}% 4
\BOOKMARK [1][-]{section.1.3}{Thesis outline}{chapter.1}% 5
\BOOKMARK [0][-]{chapter.2}{Gaussian processes for energies and forces}{}% 6
\BOOKMARK [1][-]{section.2.1}{Introduction}{chapter.2}% 7
\BOOKMARK [1][-]{section.2.2}{Gaussian process regression}{chapter.2}% 8
\BOOKMARK [1][-]{section.2.3}{Vectorial Gaussian process regression}{chapter.2}% 9
\BOOKMARK [1][-]{section.2.4}{Local energy for global energies and forces}{chapter.2}% 10
\BOOKMARK [1][-]{section.2.5}{Prior knowledge and kernel functions}{chapter.2}% 11
\BOOKMARK [1][-]{section.2.6}{Summary}{chapter.2}% 12
\BOOKMARK [0][-]{chapter.3}{bold0mu mumu nn2005/06/28 ver: 1.3 subfig packagennnn-body kernels}{}% 13
\BOOKMARK [1][-]{section.3.1}{Introduction}{chapter.3}% 14
\BOOKMARK [1][-]{section.3.2}{Building bold0mu mumu nn2005/06/28 ver: 1.3 subfig packagennnn-body kernels I: SO\(3\) integration }{chapter.3}% 15
\BOOKMARK [1][-]{section.3.3}{Building bold0mu mumu nn2005/06/28 ver: 1.3 subfig packagennnn-body kernels II: bold0mu mumu nn2005/06/28 ver: 1.3 subfig packagennnn-body feature spaces}{chapter.3}% 16
\BOOKMARK [1][-]{section.3.4}{Tests on real systems}{chapter.3}% 17
\BOOKMARK [1][-]{section.3.5}{Summary}{chapter.3}% 18
\BOOKMARK [0][-]{chapter.4}{Covariant kernels}{}% 19
\BOOKMARK [1][-]{section.4.1}{Introduction}{chapter.4}% 20
\BOOKMARK [1][-]{section.4.2}{Kernel covariance}{chapter.4}% 21
\BOOKMARK [1][-]{section.4.3}{Covariant integration}{chapter.4}% 22
\BOOKMARK [1][-]{section.4.4}{Building covariant Kernels}{chapter.4}% 23
\BOOKMARK [1][-]{section.4.5}{Tests on real materials}{chapter.4}% 24
\BOOKMARK [1][-]{section.4.6}{Summary}{chapter.4}% 25
\BOOKMARK [0][-]{chapter.5}{Selecting the best model}{}% 26
\BOOKMARK [1][-]{section.5.1}{Introduction}{chapter.5}% 27
\BOOKMARK [1][-]{section.5.2}{Theory of Bayesian model selection}{chapter.5}% 28
\BOOKMARK [1][-]{section.5.3}{Model selecting bold0mu mumu nn2005/06/28 ver: 1.3 subfig packagennnn-body kernels}{chapter.5}% 29
\BOOKMARK [1][-]{section.5.4}{The advantage of low order models}{chapter.5}% 30
\BOOKMARK [1][-]{section.5.5}{Summary}{chapter.5}% 31
\BOOKMARK [0][-]{chapter.6}{Speeding up low bold0mu mumu nn2005/06/28 ver: 1.3 subfig packagennnn models}{}% 32
\BOOKMARK [1][-]{section.6.1}{Introduction}{chapter.6}% 33
\BOOKMARK [1][-]{section.6.2}{``Mapped'' force fields}{chapter.6}% 34
\BOOKMARK [1][-]{section.6.3}{Tests on real materials}{chapter.6}% 35
\BOOKMARK [1][-]{section.6.4}{Summary}{chapter.6}% 36
\BOOKMARK [0][-]{chapter.7}{Gaussian process wave functions}{}% 37
\BOOKMARK [1][-]{section.7.1}{Introduction}{chapter.7}% 38
\BOOKMARK [1][-]{section.7.2}{Hubbard model and Variational Monte Carlo}{chapter.7}% 39
\BOOKMARK [1][-]{section.7.3}{Gaussian process wave functions}{chapter.7}% 40
\BOOKMARK [1][-]{section.7.4}{Tests on the Hubbard model}{chapter.7}% 41
\BOOKMARK [1][-]{section.7.5}{Future extensions}{chapter.7}% 42
\BOOKMARK [1][-]{section.7.6}{Summary}{chapter.7}% 43
\BOOKMARK [0][-]{chapter.8}{Conclusions}{}% 44
\BOOKMARK [0][-]{appendix.A}{Appendix}{}% 45
\BOOKMARK [1][-]{section.A.1}{Derivation of the predictive distribution}{appendix.A}% 46
\BOOKMARK [1][-]{section.A.2}{The predictive mean provides optimal predictions}{appendix.A}% 47
\BOOKMARK [1][-]{section.A.3}{Kernels for multiple chemical species}{appendix.A}% 48
\BOOKMARK [1][-]{section.A.4}{Kernel order by explicit differentiation}{appendix.A}% 49
\BOOKMARK [1][-]{section.A.5}{A one dimensional bold0mu mumu n'n'2005/06/28 ver: 1.3 subfig packagen'n'n'n'-body model}{appendix.A}% 50
\BOOKMARK [1][-]{section.A.6}{Databases details}{appendix.A}% 51
\BOOKMARK [1][-]{section.A.7}{Covariant integration of 2-body kernels}{appendix.A}% 52
\BOOKMARK [1][-]{section.A.8}{Proof that 2-body covariant kernels give rise to central forces}{appendix.A}% 53
\BOOKMARK [1][-]{section.A.9}{Covariant integration of 3-body kernels}{appendix.A}% 54
\BOOKMARK [1][-]{section.A.10}{One dimensional n-body toy model}{appendix.A}% 55
\BOOKMARK [1][-]{section.A.11}{Mapping the predictive variance}{appendix.A}% 56
\BOOKMARK [1][-]{section.A.12}{Quadratic kernel scaling for local updates}{appendix.A}% 57
\BOOKMARK [0][-]{section*.69}{Bibliography}{}% 58
