\BOOKMARK [0][-]{chapter.1}{Introduction}{}% 1
\BOOKMARK [1][-]{section.1.1}{Antimicrobial resistance}{chapter.1}% 2
\BOOKMARK [1][-]{section.1.2}{Alternative antibiotic strategies: antimicrobial peptides}{chapter.1}% 3
\BOOKMARK [1][-]{section.1.3}{Gene therapy}{chapter.1}% 4
\BOOKMARK [1][-]{section.1.4}{Delivery of therapeutic material}{chapter.1}% 5
\BOOKMARK [1][-]{section.1.5}{Closing the circle: an antimicrobial drug delivery vehicle}{chapter.1}% 6
\BOOKMARK [1][-]{section.1.6}{A computational approach to understand capzip}{chapter.1}% 7
\BOOKMARK [0][-]{chapter.2}{Methods}{}% 8
\BOOKMARK [1][-]{section.2.1}{Algorithms for Molecular Dynamics}{chapter.2}% 9
\BOOKMARK [1][-]{section.2.2}{The force field problem}{chapter.2}% 10
\BOOKMARK [1][-]{section.2.3}{Beyond the classical framework}{chapter.2}% 11
\BOOKMARK [1][-]{section.2.4}{MD and experiments: ensembles versus averages}{chapter.2}% 12
\BOOKMARK [1][-]{section.2.5}{MD simulations: successes}{chapter.2}% 13
\BOOKMARK [0][-]{chapter.3}{Capzip simulations}{}% 14
\BOOKMARK [1][-]{section.3.1}{Modelling the assembly}{chapter.3}% 15
\BOOKMARK [1][-]{section.3.2}{Simulations details}{chapter.3}% 16
\BOOKMARK [1][-]{section.3.3}{Analysis}{chapter.3}% 17
\BOOKMARK [1][-]{section.3.4}{Results: capsule in solution}{chapter.3}% 18
\BOOKMARK [1][-]{section.3.5}{Results: peptide-membrane interactions}{chapter.3}% 19
\BOOKMARK [1][-]{section.3.6}{Extra table}{chapter.3}% 20
\BOOKMARK [1][-]{section.3.7}{Rest}{chapter.3}% 21
\BOOKMARK [0][-]{chapter.4}{Lipid parametrisation}{}% 22
\BOOKMARK [0][-]{appendix.}{Appendices}{}% 23
\BOOKMARK [1][-]{section.A.1}{On the derivation of the GP predictive distribution}{appendix.}% 24
\BOOKMARK [0][-]{section*.79}{Bibliography}{}% 25
