This is pdfTeX, Version 3.14159265-2.6-1.40.15 (TeX Live 2014) (preloaded format=pdflatex 2015.4.9)  24 AUG 2019 11:53
entering extended mode
 restricted \write18 enabled.
 %&-line parsing enabled.
**thesis.tex
(./thesis.tex
LaTeX2e <2014/05/01>
Babel <3.9k> and hyphenation patterns for 78 languages loaded.
(./preamble.tex (/usr/local/texlive/2014/texmf-dist/tex/latex/memoir/memoir.cls
Document Class: memoir 2013/05/30 v3.7b configurable book, report, article docu
ment class
\onelineskip=\skip41
\lxvchars=\skip42
\xlvchars=\skip43
\@memcnta=\count79
\c@@memmarkcntra=\count80
(/usr/local/texlive/2014/texmf-dist/tex/generic/oberdiek/ifpdf.sty
Package: ifpdf 2011/01/30 v2.3 Provides the ifpdf switch (HO)
Package ifpdf Info: pdfTeX in PDF mode is detected.
)
(/usr/local/texlive/2014/texmf-dist/tex/latex/ifetex/ifetex.sty
Package: ifetex 2011/12/15 v1.2 ifetex

(/usr/local/texlive/2014/texmf-dist/tex/plain/ifetex/ifetex.tex))
(/usr/local/texlive/2014/texmf-dist/tex/generic/ifxetex/ifxetex.sty
Package: ifxetex 2010/09/12 v0.6 Provides ifxetex conditional
)
(/usr/local/texlive/2014/texmf-dist/tex/generic/oberdiek/ifluatex.sty
Package: ifluatex 2010/03/01 v1.3 Provides the ifluatex switch (HO)
Package ifluatex Info: LuaTeX not detected.
)
\stockheight=\skip44
\stockwidth=\skip45
\trimtop=\skip46
\trimedge=\skip47

(/usr/local/texlive/2014/texmf-dist/tex/latex/etex-pkg/etex.sty
Package: etex 1998/03/26 v2.0 eTeX basic definition package (PEB)
\et@xins=\count81
)
(/usr/local/texlive/2014/texmf-dist/tex/latex/memoir/mem12.clo
File: mem12.clo 2010/10/19 v0.4b memoir class 12pt size option
)
\binding=\skip48
\spinemargin=\skip49
\foremargin=\skip50
\uppermargin=\skip51
\lowermargin=\skip52
\headdrop=\skip53
\normalrulethickness=\skip54
\mem@maxheadheight=\skip55
\mem@maxfootheight=\skip56
\headwidth=\skip57
\c@storedpagenumber=\count82
\memPD=\dimen102
\m@mabparskip=\skip58
\thanksmarkwidth=\skip59
\thanksmarksep=\skip60
\droptitle=\skip61
\c@book=\count83
\c@part=\count84
\c@chapter=\count85
\c@section=\count86
\c@subsection=\count87
\c@subsubsection=\count88
\c@paragraph=\count89
\c@subparagraph=\count90
\beforechapskip=\skip62
\midchapskip=\skip63
\afterchapskip=\skip64
\chapindent=\skip65
\bottomsectionskip=\skip66
\secindent=\skip67
\beforesecskip=\skip68
\aftersecskip=\skip69
\subsecindent=\skip70
\beforesubsecskip=\skip71
\aftersubsecskip=\skip72
\subsubsecindent=\skip73
\beforesubsubsecskip=\skip74
\aftersubsubsecskip=\skip75
\paraindent=\skip76
\beforeparaskip=\skip77
\afterparaskip=\skip78
\subparaindent=\skip79
\beforesubparaskip=\skip80
\aftersubparaskip=\skip81
\pfbreakskip=\skip82
\c@@ppsavesec=\count91
\c@@ppsaveapp=\count92
\ragrparindent=\dimen103
\everylistparindent=\dimen104
\parsepi=\skip83
\topsepi=\skip84
\itemsepi=\skip85
\parsepii=\skip86
\topsepii=\skip87
\topsepiii=\skip88
\itemsepii=\skip89
\itemsepiii=\skip90
\partopsepii=\skip91
\partopsepiii=\skip92
\m@msavetopsep=\skip93
\m@msavepartopsep=\skip94
\@enLab=\toks14
\abstitleskip=\skip95
\absleftindent=\skip96
\abs@leftindent=\dimen105
\absrightindent=\skip97
\absparindent=\skip98
\absparsep=\skip99
\c@vslineno=\count93
\c@poemline=\count94
\c@modulo@vs=\count95
\c@memfvsline=\count96
\vleftskip=\skip100
\vrightskip=\skip101
\stanzaskip=\skip102
\versewidth=\skip103
\vgap=\skip104
\vindent=\skip105
\vleftmargin=\dimen106
\c@verse=\count97
\c@chrsinstr=\count98
\beforepoemtitleskip=\skip106
\afterpoemtitleskip=\skip107
\c@poem=\count99
\beforePoemTitleskip=\skip108
\midPoemTitleskip=\skip109
\afterPoemTitleskip=\skip110
\col@sep=\dimen107
\extrarowheight=\dimen108
\NC@list=\toks15
\extratabsurround=\skip111
\backup@length=\skip112
\TX@col@width=\dimen109
\TX@old@table=\dimen110
\TX@old@col=\dimen111
\TX@target=\dimen112
\TX@delta=\dimen113
\TX@cols=\count100
\TX@ftn=\toks16
\heavyrulewidth=\dimen114
\lightrulewidth=\dimen115
\cmidrulewidth=\dimen116
\belowrulesep=\dimen117
\belowbottomsep=\dimen118
\aboverulesep=\dimen119
\abovetopsep=\dimen120
\cmidrulesep=\dimen121
\cmidrulekern=\dimen122
\defaultaddspace=\dimen123
\@cmidla=\count101
\@cmidlb=\count102
\@aboverulesep=\dimen124
\@belowrulesep=\dimen125
\@thisruleclass=\count103
\@lastruleclass=\count104
\@thisrulewidth=\dimen126
\ctableftskip=\skip113
\ctabrightskip=\skip114
\abovecolumnspenalty=\count105
\@linestogo=\count106
\@cellstogo=\count107
\@cellsincolumn=\count108
\crtok=\toks17
\@mincolumnwidth=\dimen127
\c@newflo@tctr=\count109
\mem@margin@floatbox=\box26
\@contcwidth=\skip115
\@contindw=\skip116
\abovecaptionskip=\skip117
\belowcaptionskip=\skip118
\subfloattopskip=\skip119
\subfloatcapskip=\skip120
\subfloatcaptopadj=\skip121
\subfloatbottomskip=\skip122
\subfloatlabelskip=\skip123
\subfloatcapmargin=\dimen128
\c@@contsubnum=\count110
\m@mscap@capbox=\box27
\m@mscap@fbox=\box28
\sidecapsep=\dimen129
\sidecapwidth=\dimen130
\m@m@tempdima=\dimen131
\m@mscapraise=\dimen132
\sidecapraise=\dimen133
\m@mscapmainwidth=\dimen134
\m@mscaplkern=\dimen135
\beforeepigraphskip=\skip124
\afterepigraphskip=\skip125
\epigraphwidth=\skip126
\epigraphrule=\skip127
LaTeX Info: Redefining \em on input line 7492.
LaTeX Info: Redefining \emph on input line 7500.
\tocentryskip=\skip128
\tocbaseline=\skip129
\cftparskip=\skip130
\cftbeforebookskip=\skip131
\cftbookindent=\dimen136
\cftbooknumwidth=\dimen137
\cftbeforepartskip=\skip132
\cftpartindent=\skip133
\cftpartnumwidth=\skip134
\cftbeforechapterskip=\skip135
\cftchapterindent=\skip136
\cftchapternumwidth=\skip137
\cftbeforesectionskip=\skip138
\cftsectionindent=\skip139
\cftsectionnumwidth=\skip140
\cftbeforesubsectionskip=\skip141
\cftsubsectionindent=\skip142
\cftsubsectionnumwidth=\skip143
\cftbeforesubsubsectionskip=\skip144
\cftsubsubsectionindent=\skip145
\cftsubsubsectionnumwidth=\skip146
\cftbeforeparagraphskip=\skip147
\cftparagraphindent=\skip148
\cftparagraphnumwidth=\skip149
\cftbeforesubparagraphskip=\skip150
\cftsubparagraphindent=\skip151
\cftsubparagraphnumwidth=\skip152
\prechapterprecisshift=\dimen138
\c@maxsecnumdepth=\count111
\bibindent=\dimen139
\bibitemsep=\skip153
\indexcolsep=\skip154
\indexrule=\skip155
\indexmarkstyle=\toks18
\@indexbox=\insert233
\glossarycolsep=\dimen140
\glossaryrule=\dimen141
\sideparvshift=\skip156
\sideins=\insert232
\sidebartopsep=\skip157
\sidebarhsep=\skip158
\sidebarvsep=\skip159
\sidebarwidth=\skip160
\footmarkwidth=\skip161
\footmarksep=\skip162
\footparindent=\skip163
\footinsdim=\skip164
\footinsv@r=\insert231
\@mpfootinsv@r=\insert230
\m@m@k=\count112
\m@m@h=\dimen142
\m@mipn@skip=\skip165
\sidefootins=\insert229
\sidefootadjust=\skip166
\sidefootheight=\skip167
\sidefoothsep=\skip168
\sidefootvsep=\skip169
\sidefootwidth=\skip170
\m@mdownsf=\skip171
\c@sidefootnote=\count113
\sidefootmarkwidth=\skip172
\sidefootmarksep=\skip173
\sidefootparindent=\skip174
\c@pagenote=\count114
\c@pagenoteshadow=\count115
\mem@pn@lastkern=\skip175
\every@verbatim=\toks19
\afterevery@verbatim=\toks20
\verbatim@line=\toks21
\tab@position=\count116
\verbatim@in@stream=\read1
\verbatimindent=\skip176
\verbatim@out=\write3
\bvboxsep=\skip177
\c@memfbvline=\count117
\c@bvlinectr=\count118
\bvnumlength=\skip178
\fb@frw=\dimen143
\fb@frh=\dimen144
\FrameRule=\dimen145
\FrameSep=\dimen146
\c@cp@cntr=\count119
LaTeX Info: Redefining \: on input line 11958.
LaTeX Info: Redefining \! on input line 11960.
\c@ism@mctr=\count120
\c@xsm@mctr=\count121
\c@csm@mctr=\count122
\c@ksm@mctr=\count123
\c@xksm@mctr=\count124
\c@cksm@mctr=\count125
\c@msm@mctr=\count126
\c@xmsm@mctr=\count127
\c@cmsm@mctr=\count128
\c@bsm@mctr=\count129
\c@workm@mctr=\count130
\c@sheetsequence=\count131
\c@lastsheet=\count132
\c@lastpage=\count133
\c@figure=\count134
\c@lofdepth=\count135
\cftbeforefigureskip=\skip179
\cftfigureindent=\skip180
\cftfigurenumwidth=\skip181
\c@table=\count136
\c@lotdepth=\count137
\cftbeforetableskip=\skip182
\cfttableindent=\skip183
\cfttablenumwidth=\skip184
Package abstract [2008/07/23] emulated by memoir.
Package appendix [2008/07/23] emulated by memoir.
Package array [2008/09/09] emulated by memoir.
Package booktabs [2008/07/23] emulated by memoir.
Package ccaption [2008/07/23] emulated by memoir.
Package changepage [2008/07/23] emulated by memoir.
Package chngcntr [2008/07/23] emulated by memoir.
Package chngpage [2008/07/23] emulated by memoir.
Package crop emulated by memoir.
Package dcolumn [2008/07/23] emulated by memoir.
Package delarray [2008/07/23] emulated by memoir.
Package enumerate [2008/07/23] emulated by memoir.
Package epigraph [2008/07/23] emulated by memoir.
Package ifmtarg [2008/07/23] emulated by memoir.
Package index [2008/07/23] emulated by memoir.
Package makeidx [2008/07/23] emulated by memoir.
Package moreverb [2008/07/23] emulated by memoir.
Package mparhack [2008/07/23] emulated by memoir.
Package needspace [2008/07/23] emulated by memoir.
Package newfile [2008/07/23] emulated by memoir.
Package nextpage [2008/07/23] emulated by memoir.
Package pagenote [2008/07/23] emulated by memoir.
Package parskip [2008/07/23] emulated by memoir.
Package patchcmd [2008/07/23] emulated by memoir.
Package setspace [2008/07/23] emulated by memoir.
Package shortvrb [2008/07/23] emulated by memoir.
Package showidx [2008/07/23] emulated by memoir.
Package tabularx [2008/07/23] emulated by memoir.
Package titleref [2008/07/23] emulated by memoir.
Package titling [2008/07/23] emulated by memoir.
Package tocbibind [2008/07/23] emulated by memoir.
Package tocloft [2008/07/23] emulated by memoir.
Package tocvsec2 [2008/07/23] emulated by memoir.
Package verbatim [2008/07/23] emulated by memoir.
Package verse [2008/07/23] emulated by memoir.

(/usr/local/texlive/2014/texmf-dist/tex/latex/memoir/mempatch.sty
Package: mempatch 2009/07/24 v6.0f Patches for memoir class v1.6180339
))
(/usr/local/texlive/2014/texmf-dist/tex/latex/natbib/natbib.sty
Package: natbib 2010/09/13 8.31b (PWD, AO)
\bibhang=\skip185
\bibsep=\skip186
LaTeX Info: Redefining \cite on input line 694.
\c@NAT@ctr=\count138
)
(/usr/local/texlive/2014/texmf-dist/tex/latex/graphics/graphicx.sty
Package: graphicx 2014/04/25 v1.0g Enhanced LaTeX Graphics (DPC,SPQR)

(/usr/local/texlive/2014/texmf-dist/tex/latex/graphics/keyval.sty
Package: keyval 2014/05/08 v1.15 key=value parser (DPC)
\KV@toks@=\toks22
)
(/usr/local/texlive/2014/texmf-dist/tex/latex/graphics/graphics.sty
Package: graphics 2009/02/05 v1.0o Standard LaTeX Graphics (DPC,SPQR)

(/usr/local/texlive/2014/texmf-dist/tex/latex/graphics/trig.sty
Package: trig 1999/03/16 v1.09 sin cos tan (DPC)
)
(/usr/local/texlive/2014/texmf-dist/tex/latex/latexconfig/graphics.cfg
File: graphics.cfg 2010/04/23 v1.9 graphics configuration of TeX Live
)
Package graphics Info: Driver file: pdftex.def on input line 91.

(/usr/local/texlive/2014/texmf-dist/tex/latex/pdftex-def/pdftex.def
File: pdftex.def 2011/05/27 v0.06d Graphics/color for pdfTeX

(/usr/local/texlive/2014/texmf-dist/tex/generic/oberdiek/infwarerr.sty
Package: infwarerr 2010/04/08 v1.3 Providing info/warning/error messages (HO)
)
(/usr/local/texlive/2014/texmf-dist/tex/generic/oberdiek/ltxcmds.sty
Package: ltxcmds 2011/11/09 v1.22 LaTeX kernel commands for general use (HO)
)
\Gread@gobject=\count139
))
\Gin@req@height=\dimen147
\Gin@req@width=\dimen148
)
(/usr/local/texlive/2014/texmf-dist/tex/latex/rotating/rotating.sty
Package: rotating 2009/03/28 v2.16a rotated objects in LaTeX

(/usr/local/texlive/2014/texmf-dist/tex/latex/base/ifthen.sty
Package: ifthen 2001/05/26 v1.1c Standard LaTeX ifthen package (DPC)
)
\c@r@tfl@t=\count140
\rotFPtop=\skip187
\rotFPbot=\skip188
\rot@float@box=\box29
\rot@mess@toks=\toks23
)
(/usr/local/texlive/2014/texmf-dist/tex/latex/amsmath/amsmath.sty
Package: amsmath 2013/01/14 v2.14 AMS math features
\@mathmargin=\skip189

For additional information on amsmath, use the `?' option.
(/usr/local/texlive/2014/texmf-dist/tex/latex/amsmath/amstext.sty
Package: amstext 2000/06/29 v2.01

(/usr/local/texlive/2014/texmf-dist/tex/latex/amsmath/amsgen.sty
File: amsgen.sty 1999/11/30 v2.0
\@emptytoks=\toks24
\ex@=\dimen149
))
(/usr/local/texlive/2014/texmf-dist/tex/latex/amsmath/amsbsy.sty
Package: amsbsy 1999/11/29 v1.2d
\pmbraise@=\dimen150
)
(/usr/local/texlive/2014/texmf-dist/tex/latex/amsmath/amsopn.sty
Package: amsopn 1999/12/14 v2.01 operator names
)
\inf@bad=\count141
LaTeX Info: Redefining \frac on input line 210.
\uproot@=\count142
\leftroot@=\count143
LaTeX Info: Redefining \overline on input line 306.
\classnum@=\count144
\DOTSCASE@=\count145
LaTeX Info: Redefining \ldots on input line 378.
LaTeX Info: Redefining \dots on input line 381.
LaTeX Info: Redefining \cdots on input line 466.
\Mathstrutbox@=\box30
\strutbox@=\box31
\big@size=\dimen151
LaTeX Font Info:    Redeclaring font encoding OML on input line 566.
LaTeX Font Info:    Redeclaring font encoding OMS on input line 567.
\macc@depth=\count146
\c@MaxMatrixCols=\count147
\dotsspace@=\muskip10
\c@parentequation=\count148
\dspbrk@lvl=\count149
\tag@help=\toks25
\row@=\count150
\column@=\count151
\maxfields@=\count152
\andhelp@=\toks26
\eqnshift@=\dimen152
\alignsep@=\dimen153
\tagshift@=\dimen154
\tagwidth@=\dimen155
\totwidth@=\dimen156
\lineht@=\dimen157
\@envbody=\toks27
\multlinegap=\skip190
\multlinetaggap=\skip191
\mathdisplay@stack=\toks28
LaTeX Info: Redefining \[ on input line 2665.
LaTeX Info: Redefining \] on input line 2666.
)
(/usr/local/texlive/2014/texmf-dist/tex/latex/amsfonts/amsfonts.sty
Package: amsfonts 2013/01/14 v3.01 Basic AMSFonts support
\symAMSa=\mathgroup4
\symAMSb=\mathgroup5
LaTeX Font Info:    Overwriting math alphabet `\mathfrak' in version `bold'
(Font)                  U/euf/m/n --> U/euf/b/n on input line 106.
)
(/usr/local/texlive/2014/texmf-dist/tex/latex/type1cm/type1cm.sty
Package: type1cm 2002/09/05 v0.04 BlueSky/Y&Y Type1 CM font definitions (DPC, p
atched RF)
)
(/usr/local/texlive/2014/texmf-dist/tex/latex/lettrine/lettrine.sty
File: lettrine.sty 2013/03/14 v1.64 (Daniel Flipo)
\c@DefaultLines=\count153
\DefaultFindent=\dimen158
\DefaultNindent=\dimen159
\DefaultSlope=\dimen160
\L@lbox=\box32
\L@tbox=\box33
\c@L@lines=\count154
\L@Pindent=\dimen161
\L@Findent=\dimen162
\L@Nindent=\dimen163
\L@lraise=\dimen164
\L@first=\dimen165
\L@next=\dimen166
\L@slope=\dimen167
\L@height=\dimen168
\LettrineWidth=\dimen169

Loading lettrine.cfg
(/usr/local/texlive/2014/texmf-dist/tex/latex/lettrine/lettrine.cfg))
(/usr/local/texlive/2014/texmf-dist/tex/latex/jknapltx/mathrsfs.sty
Package: mathrsfs 1996/01/01 Math RSFS package v1.0 (jk)
\symrsfs=\mathgroup6
)
(/usr/local/texlive/2014/texmf-dist/tex/latex/graphics/color.sty
Package: color 2014/04/23 v1.1a Standard LaTeX Color (DPC)

(/usr/local/texlive/2014/texmf-dist/tex/latex/latexconfig/color.cfg
File: color.cfg 2007/01/18 v1.5 color configuration of teTeX/TeXLive
)
Package color Info: Driver file: pdftex.def on input line 137.
)
(/usr/local/texlive/2014/texmf-dist/tex/latex/soul/soul.sty
Package: soul 2003/11/17 v2.4 letterspacing/underlining (mf)
\SOUL@word=\toks29
\SOUL@lasttoken=\toks30
\SOUL@cmds=\toks31
\SOUL@buffer=\toks32
\SOUL@token=\toks33
\SOUL@spaceskip=\skip192
\SOUL@ttwidth=\dimen170
\SOUL@uldp=\dimen171
\SOUL@ulht=\dimen172
)
(/usr/local/texlive/2014/texmf-dist/tex/latex/multirow/multirow.sty
\bigstrutjot=\dimen173
)
(/usr/local/texlive/2014/texmf-dist/tex/latex/graphics/lscape.sty
Package: lscape 2000/10/22 v3.01 Landscape Pages (DPC)
)
(/usr/local/texlive/2014/texmf-dist/tex/latex/was/upgreek.sty
Package: upgreek 2003/02/12 v2.0 (WaS)
Package upgreek Info: Using Euler Roman for upright Greek on input line 31.
\symugrf@m=\mathgroup7
LaTeX Font Info:    Overwriting symbol font `ugrf@m' in version `bold'
(Font)                  U/eur/m/n --> U/eur/b/n on input line 38.
)
(/usr/local/texlive/2014/texmf-dist/tex/latex/tools/longtable.sty
Package: longtable 2004/02/01 v4.11 Multi-page Table package (DPC)
\LTleft=\skip193
\LTright=\skip194
\LTpre=\skip195
\LTpost=\skip196
\LTchunksize=\count155
\LTcapwidth=\dimen174
\LT@head=\box34
\LT@firsthead=\box35
\LT@foot=\box36
\LT@lastfoot=\box37
\LT@cols=\count156
\LT@rows=\count157
\c@LT@tables=\count158
\c@LT@chunks=\count159
\LT@p@ftn=\toks34
)
\c@subfigure=\count160
\cftbeforesubfigureskip=\skip197
\cftsubfigureindent=\skip198
\cftsubfigurenumwidth=\skip199

(/usr/local/texlive/2014/texmf-dist/tex/latex/amsfonts/amssymb.sty
Package: amssymb 2013/01/14 v3.01 AMS font symbols
)
(/usr/local/texlive/2014/texmf-dist/tex/latex/csquotes/csquotes.sty
Package: csquotes 2011/10/22 v5.1d context-sensitive quotations

(/usr/local/texlive/2014/texmf-dist/tex/latex/etoolbox/etoolbox.sty
Package: etoolbox 2011/01/03 v2.1 e-TeX tools for LaTeX
\etb@tempcnta=\count161
)
\csq@reset=\count162
\csq@gtype=\count163
\csq@glevel=\count164
\csq@qlevel=\count165
\csq@maxlvl=\count166
\csq@tshold=\count167
\csq@ltx@everypar=\toks35

(/usr/local/texlive/2014/texmf-dist/tex/latex/csquotes/csquotes.def
File: csquotes.def 2011/10/22 v5.1d csquotes generic definitions
)
Package csquotes Info: Trying to load configuration file 'csquotes.cfg'...
Package csquotes Info: ... configuration file loaded successfully.

(/usr/local/texlive/2014/texmf-dist/tex/latex/csquotes/csquotes.cfg
File: csquotes.cfg 
))
(/usr/local/texlive/2014/texmf-dist/tex/latex/nomencl/nomencl.sty
Package: nomencl 2005/09/22 v4.2 Nomenclature package (LN)
\nomlabelwidth=\dimen175
\nom@tempdim=\dimen176
\nomitemsep=\skip200
)
(/usr/local/texlive/2014/texmf-dist/tex/latex/makecell/makecell.sty
Package: makecell 2009/08/03 V0.1e Managing of Tab Column Heads and Cells
\rotheadsize=\dimen177
\c@nlinenum=\count168
\TeXr@lab=\toks36
)

******************************************************
Stock height and width: 845.04684pt by 597.50787pt
Top and edge trims: 0pt and 0pt
Page height and width: 845.04684pt by 597.50787pt
Text height and width: 635.5pt by 398pt
Spine and edge margins: 113.81102pt and 85.35826pt
Upper and lower margins: 99.58464pt and 109.9622pt
Headheight and headsep: 14.5pt and 19.8738pt
Footskip: 42.67912pt
Columnsep and columnseprule: 10pt and 0pt
Marginparsep and marginparwidth: 7pt and 71.35826pt
Sidecapsep and sidecapwidth: 7pt and 42pt
Sidebarhsep and sidebarwidth: 7pt and 42pt
Sidebarvsep and sidebartopsep: 14.5pt and 0pt
Sidebarheight: 590.14995pt
Sidefoothsep and sidefootwidth: 7pt and 42pt
Sidefootvsep and sidefootheight: 14.5pt and 590.14995pt
******************************************************

(/usr/local/texlive/2014/texmf-dist/tex/latex/todonotes/todonotes.sty
Package: todonotes 2012/07/25 .dtx Todonotes source and documentation.
Package: todonotes 2012/07/25

(/usr/local/texlive/2014/texmf-dist/tex/latex/xkeyval/xkeyval.sty
Package: xkeyval 2014/05/09 v2.6d package option processing (HA)

(/usr/local/texlive/2014/texmf-dist/tex/generic/xkeyval/xkeyval.tex
\XKV@toks=\toks37
\XKV@tempa@toks=\toks38
\XKV@depth=\count169
File: xkeyval.tex 2014/05/09 v2.6d key=value parser (HA)
))
(/usr/local/texlive/2014/texmf-dist/tex/latex/xcolor/xcolor.sty
Package: xcolor 2007/01/21 v2.11 LaTeX color extensions (UK)

(/usr/local/texlive/2014/texmf-dist/tex/latex/latexconfig/color.cfg
File: color.cfg 2007/01/18 v1.5 color configuration of teTeX/TeXLive
)
Package xcolor Info: Driver file: pdftex.def on input line 225.
LaTeX Info: Redefining \color on input line 702.
Package xcolor Info: Model `cmy' substituted by `cmy0' on input line 1337.
Package xcolor Info: Model `hsb' substituted by `rgb' on input line 1341.
Package xcolor Info: Model `RGB' extended on input line 1353.
Package xcolor Info: Model `HTML' substituted by `rgb' on input line 1355.
Package xcolor Info: Model `Hsb' substituted by `hsb' on input line 1356.
Package xcolor Info: Model `tHsb' substituted by `hsb' on input line 1357.
Package xcolor Info: Model `HSB' substituted by `hsb' on input line 1358.
Package xcolor Info: Model `Gray' substituted by `gray' on input line 1359.
Package xcolor Info: Model `wave' substituted by `hsb' on input line 1360.
)
(/usr/local/texlive/2014/texmf-dist/tex/latex/pgf/frontendlayer/tikz.sty
(/usr/local/texlive/2014/texmf-dist/tex/latex/pgf/basiclayer/pgf.sty
(/usr/local/texlive/2014/texmf-dist/tex/latex/pgf/utilities/pgfrcs.sty
(/usr/local/texlive/2014/texmf-dist/tex/generic/pgf/utilities/pgfutil-common.te
x
\pgfutil@everybye=\toks39
\pgfutil@tempdima=\dimen178
\pgfutil@tempdimb=\dimen179

(/usr/local/texlive/2014/texmf-dist/tex/generic/pgf/utilities/pgfutil-common-li
sts.tex))
(/usr/local/texlive/2014/texmf-dist/tex/generic/pgf/utilities/pgfutil-latex.def
\pgfutil@abb=\box38
(/usr/local/texlive/2014/texmf-dist/tex/latex/ms/everyshi.sty
Package: everyshi 2001/05/15 v3.00 EveryShipout Package (MS)
))
(/usr/local/texlive/2014/texmf-dist/tex/generic/pgf/utilities/pgfrcs.code.tex
Package: pgfrcs 2013/12/20 v3.0.0 (rcs-revision 1.28)
))
Package: pgf 2013/12/18 v3.0.0 (rcs-revision 1.14)
(/usr/local/texlive/2014/texmf-dist/tex/latex/pgf/basiclayer/pgfcore.sty
(/usr/local/texlive/2014/texmf-dist/tex/latex/pgf/systemlayer/pgfsys.sty
(/usr/local/texlive/2014/texmf-dist/tex/generic/pgf/systemlayer/pgfsys.code.tex
Package: pgfsys 2013/11/30 v3.0.0 (rcs-revision 1.47)
(/usr/local/texlive/2014/texmf-dist/tex/generic/pgf/utilities/pgfkeys.code.tex
\pgfkeys@pathtoks=\toks40
\pgfkeys@temptoks=\toks41

(/usr/local/texlive/2014/texmf-dist/tex/generic/pgf/utilities/pgfkeysfiltered.c
ode.tex
\pgfkeys@tmptoks=\toks42
))
\pgf@x=\dimen180
\pgf@y=\dimen181
\pgf@xa=\dimen182
\pgf@ya=\dimen183
\pgf@xb=\dimen184
\pgf@yb=\dimen185
\pgf@xc=\dimen186
\pgf@yc=\dimen187
\w@pgf@writea=\write4
\r@pgf@reada=\read2
\c@pgf@counta=\count170
\c@pgf@countb=\count171
\c@pgf@countc=\count172
\c@pgf@countd=\count173
\t@pgf@toka=\toks43
\t@pgf@tokb=\toks44
\t@pgf@tokc=\toks45

(/usr/local/texlive/2014/texmf-dist/tex/generic/pgf/systemlayer/pgf.cfg
File: pgf.cfg 2008/05/14  (rcs-revision 1.7)
)
Driver file for pgf: pgfsys-pdftex.def

(/usr/local/texlive/2014/texmf-dist/tex/generic/pgf/systemlayer/pgfsys-pdftex.d
ef
File: pgfsys-pdftex.def 2013/07/18  (rcs-revision 1.33)

(/usr/local/texlive/2014/texmf-dist/tex/generic/pgf/systemlayer/pgfsys-common-p
df.def
File: pgfsys-common-pdf.def 2013/10/10  (rcs-revision 1.13)
)))
(/usr/local/texlive/2014/texmf-dist/tex/generic/pgf/systemlayer/pgfsyssoftpath.
code.tex
File: pgfsyssoftpath.code.tex 2013/09/09  (rcs-revision 1.9)
\pgfsyssoftpath@smallbuffer@items=\count174
\pgfsyssoftpath@bigbuffer@items=\count175
)
(/usr/local/texlive/2014/texmf-dist/tex/generic/pgf/systemlayer/pgfsysprotocol.
code.tex
File: pgfsysprotocol.code.tex 2006/10/16  (rcs-revision 1.4)
))
(/usr/local/texlive/2014/texmf-dist/tex/generic/pgf/basiclayer/pgfcore.code.tex
Package: pgfcore 2010/04/11 v3.0.0 (rcs-revision 1.7)
(/usr/local/texlive/2014/texmf-dist/tex/generic/pgf/math/pgfmath.code.tex
(/usr/local/texlive/2014/texmf-dist/tex/generic/pgf/math/pgfmathcalc.code.tex
(/usr/local/texlive/2014/texmf-dist/tex/generic/pgf/math/pgfmathutil.code.tex)
(/usr/local/texlive/2014/texmf-dist/tex/generic/pgf/math/pgfmathparser.code.tex
\pgfmath@dimen=\dimen188
\pgfmath@count=\count176
\pgfmath@box=\box39
\pgfmath@toks=\toks46
\pgfmath@stack@operand=\toks47
\pgfmath@stack@operation=\toks48
)
(/usr/local/texlive/2014/texmf-dist/tex/generic/pgf/math/pgfmathfunctions.code.
tex
(/usr/local/texlive/2014/texmf-dist/tex/generic/pgf/math/pgfmathfunctions.basic
.code.tex)
(/usr/local/texlive/2014/texmf-dist/tex/generic/pgf/math/pgfmathfunctions.trigo
nometric.code.tex)
(/usr/local/texlive/2014/texmf-dist/tex/generic/pgf/math/pgfmathfunctions.rando
m.code.tex)
(/usr/local/texlive/2014/texmf-dist/tex/generic/pgf/math/pgfmathfunctions.compa
rison.code.tex)
(/usr/local/texlive/2014/texmf-dist/tex/generic/pgf/math/pgfmathfunctions.base.
code.tex)
(/usr/local/texlive/2014/texmf-dist/tex/generic/pgf/math/pgfmathfunctions.round
.code.tex)
(/usr/local/texlive/2014/texmf-dist/tex/generic/pgf/math/pgfmathfunctions.misc.
code.tex)
(/usr/local/texlive/2014/texmf-dist/tex/generic/pgf/math/pgfmathfunctions.integ
erarithmetics.code.tex)))
(/usr/local/texlive/2014/texmf-dist/tex/generic/pgf/math/pgfmathfloat.code.tex
\c@pgfmathroundto@lastzeros=\count177
))
(/usr/local/texlive/2014/texmf-dist/tex/generic/pgf/basiclayer/pgfcorepoints.co
de.tex
File: pgfcorepoints.code.tex 2013/10/07  (rcs-revision 1.27)
\pgf@picminx=\dimen189
\pgf@picmaxx=\dimen190
\pgf@picminy=\dimen191
\pgf@picmaxy=\dimen192
\pgf@pathminx=\dimen193
\pgf@pathmaxx=\dimen194
\pgf@pathminy=\dimen195
\pgf@pathmaxy=\dimen196
\pgf@xx=\dimen197
\pgf@xy=\dimen198
\pgf@yx=\dimen199
\pgf@yy=\dimen200
\pgf@zx=\dimen201
\pgf@zy=\dimen202
)
(/usr/local/texlive/2014/texmf-dist/tex/generic/pgf/basiclayer/pgfcorepathconst
ruct.code.tex
File: pgfcorepathconstruct.code.tex 2013/10/07  (rcs-revision 1.29)
\pgf@path@lastx=\dimen203
\pgf@path@lasty=\dimen204
)
(/usr/local/texlive/2014/texmf-dist/tex/generic/pgf/basiclayer/pgfcorepathusage
.code.tex
File: pgfcorepathusage.code.tex 2013/12/13  (rcs-revision 1.23)
\pgf@shorten@end@additional=\dimen205
\pgf@shorten@start@additional=\dimen206
)
(/usr/local/texlive/2014/texmf-dist/tex/generic/pgf/basiclayer/pgfcorescopes.co
de.tex
File: pgfcorescopes.code.tex 2013/10/09  (rcs-revision 1.44)
\pgfpic=\box40
\pgf@hbox=\box41
\pgf@layerbox@main=\box42
\pgf@picture@serial@count=\count178
)
(/usr/local/texlive/2014/texmf-dist/tex/generic/pgf/basiclayer/pgfcoregraphicst
ate.code.tex
File: pgfcoregraphicstate.code.tex 2013/09/19  (rcs-revision 1.11)
\pgflinewidth=\dimen207
)
(/usr/local/texlive/2014/texmf-dist/tex/generic/pgf/basiclayer/pgfcoretransform
ations.code.tex
File: pgfcoretransformations.code.tex 2013/10/10  (rcs-revision 1.17)
\pgf@pt@x=\dimen208
\pgf@pt@y=\dimen209
\pgf@pt@temp=\dimen210
)
(/usr/local/texlive/2014/texmf-dist/tex/generic/pgf/basiclayer/pgfcorequick.cod
e.tex
File: pgfcorequick.code.tex 2008/10/09  (rcs-revision 1.3)
)
(/usr/local/texlive/2014/texmf-dist/tex/generic/pgf/basiclayer/pgfcoreobjects.c
ode.tex
File: pgfcoreobjects.code.tex 2006/10/11  (rcs-revision 1.2)
)
(/usr/local/texlive/2014/texmf-dist/tex/generic/pgf/basiclayer/pgfcorepathproce
ssing.code.tex
File: pgfcorepathprocessing.code.tex 2013/09/09  (rcs-revision 1.9)
)
(/usr/local/texlive/2014/texmf-dist/tex/generic/pgf/basiclayer/pgfcorearrows.co
de.tex
File: pgfcorearrows.code.tex 2013/11/07  (rcs-revision 1.40)
\pgfarrowsep=\dimen211
)
(/usr/local/texlive/2014/texmf-dist/tex/generic/pgf/basiclayer/pgfcoreshade.cod
e.tex
File: pgfcoreshade.code.tex 2013/07/15  (rcs-revision 1.15)
\pgf@max=\dimen212
\pgf@sys@shading@range@num=\count179
)
(/usr/local/texlive/2014/texmf-dist/tex/generic/pgf/basiclayer/pgfcoreimage.cod
e.tex
File: pgfcoreimage.code.tex 2013/07/15  (rcs-revision 1.18)

(/usr/local/texlive/2014/texmf-dist/tex/generic/pgf/basiclayer/pgfcoreexternal.
code.tex
File: pgfcoreexternal.code.tex 2013/07/15  (rcs-revision 1.20)
\pgfexternal@startupbox=\box43
))
(/usr/local/texlive/2014/texmf-dist/tex/generic/pgf/basiclayer/pgfcorelayers.co
de.tex
File: pgfcorelayers.code.tex 2013/07/18  (rcs-revision 1.7)
)
(/usr/local/texlive/2014/texmf-dist/tex/generic/pgf/basiclayer/pgfcoretranspare
ncy.code.tex
File: pgfcoretransparency.code.tex 2013/09/30  (rcs-revision 1.5)
)
(/usr/local/texlive/2014/texmf-dist/tex/generic/pgf/basiclayer/pgfcorepatterns.
code.tex
File: pgfcorepatterns.code.tex 2013/11/07  (rcs-revision 1.5)
)))
(/usr/local/texlive/2014/texmf-dist/tex/generic/pgf/modules/pgfmoduleshapes.cod
e.tex
File: pgfmoduleshapes.code.tex 2013/10/31  (rcs-revision 1.34)
\pgfnodeparttextbox=\box44
)
(/usr/local/texlive/2014/texmf-dist/tex/generic/pgf/modules/pgfmoduleplot.code.
tex
File: pgfmoduleplot.code.tex 2013/07/31  (rcs-revision 1.12)
)
(/usr/local/texlive/2014/texmf-dist/tex/latex/pgf/compatibility/pgfcomp-version
-0-65.sty
Package: pgfcomp-version-0-65 2007/07/03 v3.0.0 (rcs-revision 1.7)
\pgf@nodesepstart=\dimen213
\pgf@nodesepend=\dimen214
)
(/usr/local/texlive/2014/texmf-dist/tex/latex/pgf/compatibility/pgfcomp-version
-1-18.sty
Package: pgfcomp-version-1-18 2007/07/23 v3.0.0 (rcs-revision 1.1)
))
(/usr/local/texlive/2014/texmf-dist/tex/latex/pgf/utilities/pgffor.sty
(/usr/local/texlive/2014/texmf-dist/tex/latex/pgf/utilities/pgfkeys.sty
(/usr/local/texlive/2014/texmf-dist/tex/generic/pgf/utilities/pgfkeys.code.tex)
) (/usr/local/texlive/2014/texmf-dist/tex/latex/pgf/math/pgfmath.sty
(/usr/local/texlive/2014/texmf-dist/tex/generic/pgf/math/pgfmath.code.tex))
(/usr/local/texlive/2014/texmf-dist/tex/generic/pgf/utilities/pgffor.code.tex
Package: pgffor 2013/12/13 v3.0.0 (rcs-revision 1.25)

(/usr/local/texlive/2014/texmf-dist/tex/generic/pgf/math/pgfmath.code.tex)
\pgffor@iter=\dimen215
\pgffor@skip=\dimen216
\pgffor@stack=\toks49
\pgffor@toks=\toks50
))
(/usr/local/texlive/2014/texmf-dist/tex/generic/pgf/frontendlayer/tikz/tikz.cod
e.tex
Package: tikz 2013/12/13 v3.0.0 (rcs-revision 1.142)

(/usr/local/texlive/2014/texmf-dist/tex/generic/pgf/libraries/pgflibraryplothan
dlers.code.tex
File: pgflibraryplothandlers.code.tex 2013/08/31 v3.0.0 (rcs-revision 1.20)
\pgf@plot@mark@count=\count180
\pgfplotmarksize=\dimen217
)
\tikz@lastx=\dimen218
\tikz@lasty=\dimen219
\tikz@lastxsaved=\dimen220
\tikz@lastysaved=\dimen221
\tikzleveldistance=\dimen222
\tikzsiblingdistance=\dimen223
\tikz@figbox=\box45
\tikz@figbox@bg=\box46
\tikz@tempbox=\box47
\tikz@tempbox@bg=\box48
\tikztreelevel=\count181
\tikznumberofchildren=\count182
\tikznumberofcurrentchild=\count183
\tikz@fig@count=\count184

(/usr/local/texlive/2014/texmf-dist/tex/generic/pgf/modules/pgfmodulematrix.cod
e.tex
File: pgfmodulematrix.code.tex 2013/09/17  (rcs-revision 1.8)
\pgfmatrixcurrentrow=\count185
\pgfmatrixcurrentcolumn=\count186
\pgf@matrix@numberofcolumns=\count187
)
\tikz@expandcount=\count188

(/usr/local/texlive/2014/texmf-dist/tex/generic/pgf/frontendlayer/tikz/librarie
s/tikzlibrarytopaths.code.tex
File: tikzlibrarytopaths.code.tex 2008/06/17 v3.0.0 (rcs-revision 1.2)
)))
(/usr/local/texlive/2014/texmf-dist/tex/generic/pgf/frontendlayer/tikz/librarie
s/tikzlibrarypositioning.code.tex
File: tikzlibrarypositioning.code.tex 2008/10/06 v3.0.0 (rcs-revision 1.7)
)
(/usr/local/texlive/2014/texmf-dist/tex/latex/tools/calc.sty
Package: calc 2007/08/22 v4.3 Infix arithmetic (KKT,FJ)
\calc@Acount=\count189
\calc@Bcount=\count190
\calc@Adimen=\dimen224
\calc@Bdimen=\dimen225
\calc@Askip=\skip201
\calc@Bskip=\skip202
LaTeX Info: Redefining \setlength on input line 75.
LaTeX Info: Redefining \addtolength on input line 76.
\calc@Ccount=\count191
\calc@Cskip=\skip203
)
\c@@todonotes@numberoftodonotes=\count192
)
(/usr/local/texlive/2014/texmf-dist/tex/latex/setspace/setspace.sty
Package: setspace 2011/12/19 v6.7a set line spacing
)

Class memoir Warning: You are using the caption package with the memoir class. 
To prepare we will now reset all captioning macros and configurations to kernel
 defaults, and then let the caption package take over. Please remember to use t
he caption package interfaces in order to configure your captions. .

(/usr/local/texlive/2014/texmf-dist/tex/latex/caption/caption.sty
Package: caption 2013/05/02 v3.3-89 Customizing captions (AR)

(/usr/local/texlive/2014/texmf-dist/tex/latex/caption/caption3.sty
Package: caption3 2013/05/02 v1.6-88 caption3 kernel (AR)
Package caption3 Info: TeX engine: e-TeX on input line 57.
\captionmargin=\dimen226
\captionmargin@=\dimen227
\captionwidth=\dimen228
Normal \dimen register pool exhausted, switching to extended pool.
\caption@tempdima=\dimen256
\caption@indent=\dimen257
\caption@parindent=\dimen258
\caption@hangindent=\dimen259
)
\c@ContinuedFloat=\count193
Package caption Info: longtable package is loaded.

(/usr/local/texlive/2014/texmf-dist/tex/latex/caption/ltcaption.sty
Package: ltcaption 2013/02/03 v1.3-62 longtable captions (AR)
)
Package caption Info: rotating package is loaded.
)
(/usr/local/texlive/2014/texmf-dist/tex/latex/url/url.sty
\Urlmuskip=\muskip11
Package: url 2013/09/16  ver 3.4  Verb mode for urls, etc.
)
(/usr/local/texlive/2014/texmf-dist/tex/latex/hyperref/hyperref.sty
Package: hyperref 2012/11/06 v6.83m Hypertext links for LaTeX

(/usr/local/texlive/2014/texmf-dist/tex/generic/oberdiek/hobsub-hyperref.sty
Package: hobsub-hyperref 2012/05/28 v1.13 Bundle oberdiek, subset hyperref (HO)


(/usr/local/texlive/2014/texmf-dist/tex/generic/oberdiek/hobsub-generic.sty
Package: hobsub-generic 2012/05/28 v1.13 Bundle oberdiek, subset generic (HO)
Package: hobsub 2012/05/28 v1.13 Construct package bundles (HO)
Package hobsub Info: Skipping package `infwarerr' (already loaded).
Package hobsub Info: Skipping package `ltxcmds' (already loaded).
Package hobsub Info: Skipping package `ifluatex' (already loaded).
Package: ifvtex 2010/03/01 v1.5 Detect VTeX and its facilities (HO)
Package ifvtex Info: VTeX not detected.
Package: intcalc 2007/09/27 v1.1 Expandable calculations with integers (HO)
Package hobsub Info: Skipping package `ifpdf' (already loaded).
Package: etexcmds 2011/02/16 v1.5 Avoid name clashes with e-TeX commands (HO)
Package etexcmds Info: Could not find \expanded.
(etexcmds)             That can mean that you are not using pdfTeX 1.50 or
(etexcmds)             that some package has redefined \expanded.
(etexcmds)             In the latter case, load this package earlier.
Package: kvsetkeys 2012/04/25 v1.16 Key value parser (HO)
Package: kvdefinekeys 2011/04/07 v1.3 Define keys (HO)
Package: pdftexcmds 2011/11/29 v0.20 Utility functions of pdfTeX for LuaTeX (HO
)
Package pdftexcmds Info: LuaTeX not detected.
Package pdftexcmds Info: \pdf@primitive is available.
Package pdftexcmds Info: \pdf@ifprimitive is available.
Package pdftexcmds Info: \pdfdraftmode found.
Package: pdfescape 2011/11/25 v1.13 Implements pdfTeX's escape features (HO)
Package: bigintcalc 2012/04/08 v1.3 Expandable calculations on big integers (HO
)
Package: bitset 2011/01/30 v1.1 Handle bit-vector datatype (HO)
Package: uniquecounter 2011/01/30 v1.2 Provide unlimited unique counter (HO)
)
Package hobsub Info: Skipping package `hobsub' (already loaded).
Package: letltxmacro 2010/09/02 v1.4 Let assignment for LaTeX macros (HO)
Package: hopatch 2012/05/28 v1.2 Wrapper for package hooks (HO)
Package: xcolor-patch 2011/01/30 xcolor patch
Package: atveryend 2011/06/30 v1.8 Hooks at the very end of document (HO)
Package: atbegshi 2011/10/05 v1.16 At begin shipout hook (HO)
Package: refcount 2011/10/16 v3.4 Data extraction from label references (HO)
Package: hycolor 2011/01/30 v1.7 Color options for hyperref/bookmark (HO)
)
(/usr/local/texlive/2014/texmf-dist/tex/latex/oberdiek/auxhook.sty
Package: auxhook 2011/03/04 v1.3 Hooks for auxiliary files (HO)
)
(/usr/local/texlive/2014/texmf-dist/tex/latex/oberdiek/kvoptions.sty
Package: kvoptions 2011/06/30 v3.11 Key value format for package options (HO)
)
\@linkdim=\dimen260
\Hy@linkcounter=\count194
\Hy@pagecounter=\count195

(/usr/local/texlive/2014/texmf-dist/tex/latex/hyperref/pd1enc.def
File: pd1enc.def 2012/11/06 v6.83m Hyperref: PDFDocEncoding definition (HO)
)
\Hy@SavedSpaceFactor=\count196

(/usr/local/texlive/2014/texmf-dist/tex/latex/latexconfig/hyperref.cfg
File: hyperref.cfg 2002/06/06 v1.2 hyperref configuration of TeXLive
)
Package hyperref Info: Option `naturalnames' set `true' on input line 4319.
Package hyperref Info: Option `breaklinks' set `true' on input line 4319.
Package hyperref Info: Hyper figures OFF on input line 4443.
Package hyperref Info: Link nesting OFF on input line 4448.
Package hyperref Info: Hyper index ON on input line 4451.
Package hyperref Info: Plain pages OFF on input line 4458.
Package hyperref Info: Backreferencing OFF on input line 4463.
Package hyperref Info: Implicit mode ON; LaTeX internals redefined.
Package hyperref Info: Bookmarks ON on input line 4688.
\c@Hy@tempcnt=\count197
LaTeX Info: Redefining \url on input line 5041.
\XeTeXLinkMargin=\dimen261
\Fld@menulength=\count198
\Field@Width=\dimen262
\Fld@charsize=\dimen263
Package hyperref Info: Hyper figures OFF on input line 6295.
Package hyperref Info: Link nesting OFF on input line 6300.
Package hyperref Info: Hyper index ON on input line 6303.
Package hyperref Info: backreferencing OFF on input line 6310.
Package hyperref Info: Link coloring OFF on input line 6315.
Package hyperref Info: Link coloring with OCG OFF on input line 6320.
Package hyperref Info: PDF/A mode OFF on input line 6325.
LaTeX Info: Redefining \ref on input line 6365.
LaTeX Info: Redefining \pageref on input line 6369.
\Hy@abspage=\count199
\c@Item=\count200
\c@Hfootnote=\count201
)
(/usr/local/texlive/2014/texmf-dist/tex/latex/memoir/memhfixc.sty
Package: memhfixc 2013/05/30 v1.17 nameref/hyperref package fixes for memoir cl
ass
\c@memhycontfloat=\count202
\c@Hpagenote=\count203
)

Package hyperref Message: Driver (autodetected): hpdftex.

(/usr/local/texlive/2014/texmf-dist/tex/latex/hyperref/hpdftex.def
File: hpdftex.def 2012/11/06 v6.83m Hyperref driver for pdfTeX
\Fld@listcount=\count204
\c@bookmark@seq@number=\count205

(/usr/local/texlive/2014/texmf-dist/tex/latex/oberdiek/rerunfilecheck.sty
Package: rerunfilecheck 2011/04/15 v1.7 Rerun checks for auxiliary files (HO)
Package uniquecounter Info: New unique counter `rerunfilecheck' on input line 2
82.
)
\Hy@SectionHShift=\skip204
))
\@nomenclaturefile=\write5
\openout5 = `thesis.nlo'.


Writing nomenclature file thesis.nlo
Package csquotes Info: Checking for multilingual support...
Package csquotes Info: ... none found.
(./thesis.aux (./front.aux) (./nomenclature.aux)
(./1introduction/introduction.aux) (./2methods/methods.aux)
(./3results_capsule/results_capsule.aux

LaTeX Warning: Label `table:sim_solution' multiply defined.

) (./4lip_par/lip_par.aux) (./appendix.aux))
\openout1 = `thesis.aux'.

LaTeX Font Info:    Checking defaults for OML/cmm/m/it on input line 7.
LaTeX Font Info:    ... okay on input line 7.
LaTeX Font Info:    Checking defaults for T1/cmr/m/n on input line 7.
LaTeX Font Info:    ... okay on input line 7.
LaTeX Font Info:    Checking defaults for OT1/cmr/m/n on input line 7.
LaTeX Font Info:    ... okay on input line 7.
LaTeX Font Info:    Checking defaults for OMS/cmsy/m/n on input line 7.
LaTeX Font Info:    ... okay on input line 7.
LaTeX Font Info:    Checking defaults for OMX/cmex/m/n on input line 7.
LaTeX Font Info:    ... okay on input line 7.
LaTeX Font Info:    Checking defaults for U/cmr/m/n on input line 7.
LaTeX Font Info:    ... okay on input line 7.
LaTeX Font Info:    Checking defaults for PD1/pdf/m/n on input line 7.
LaTeX Font Info:    ... okay on input line 7.

(/usr/local/texlive/2014/texmf-dist/tex/context/base/supp-pdf.mkii
[Loading MPS to PDF converter (version 2006.09.02).]
\scratchcounter=\count206
\scratchdimen=\dimen264
\scratchbox=\box49
\nofMPsegments=\count207
\nofMParguments=\count208
\everyMPshowfont=\toks51
\MPscratchCnt=\count209
\MPscratchDim=\dimen265
\MPnumerator=\count210
\makeMPintoPDFobject=\count211
\everyMPtoPDFconversion=\toks52
) (/usr/local/texlive/2014/texmf-dist/tex/latex/oberdiek/epstopdf-base.sty
Package: epstopdf-base 2010/02/09 v2.5 Base part for package epstopdf

(/usr/local/texlive/2014/texmf-dist/tex/latex/oberdiek/grfext.sty
Package: grfext 2010/08/19 v1.1 Manage graphics extensions (HO)
)
Package grfext Info: Graphics extension search list:
(grfext)             [.png,.pdf,.jpg,.mps,.jpeg,.jbig2,.jb2,.PNG,.PDF,.JPG,.JPE
G,.JBIG2,.JB2,.eps]
(grfext)             \AppendGraphicsExtensions on input line 452.

(/usr/local/texlive/2014/texmf-dist/tex/latex/latexconfig/epstopdf-sys.cfg
File: epstopdf-sys.cfg 2010/07/13 v1.3 Configuration of (r)epstopdf for TeX Liv
e
))
ABD: EveryShipout initializing macros
Package caption Info: Begin \AtBeginDocument code.
Package caption Info: hyperref package is loaded.
Package caption Info: End \AtBeginDocument code.
\AtBeginShipoutBox=\box50
Package hyperref Info: Link coloring OFF on input line 7.

(/usr/local/texlive/2014/texmf-dist/tex/latex/hyperref/nameref.sty
Package: nameref 2012/10/27 v2.43 Cross-referencing by name of section

(/usr/local/texlive/2014/texmf-dist/tex/generic/oberdiek/gettitlestring.sty
Package: gettitlestring 2010/12/03 v1.4 Cleanup title references (HO)
)
\c@section@level=\count212
)
Redoing nameref's sectioning
Redoing nameref's label
LaTeX Info: Redefining \nameref on input line 7.
LaTeX Info: Redefining \ref on input line 7.
LaTeX Info: Redefining \pageref on input line 7.
LaTeX Info: Redefining \nameref on input line 7.
(./thesis.out) (./thesis.out)
\@outlinefile=\write6
\openout6 = `thesis.out'.

\openout2 = `front.aux'.

 (./front.tex
<KCL_logo.pdf, id=103, 282.656pt x 187.902pt>
File: KCL_logo.pdf Graphic file (type pdf)
 <use KCL_logo.pdf>
Package pdftex.def Info: KCL_logo.pdf used on input line 45.
(pdftex.def)             Requested size: 128.40166pt x 85.35826pt.
 [1



{/usr/local/texlive/2014/texmf-var/fonts/map/pdftex/updmap/pdftex.map} <./KCL_l
ogo.pdf>]

Class memoir Warning: The \it font command is deprecated. 
(memoir)              Use \textit{...} or {\itshape... } instead on input line 
76.

[2

] [3

]
LaTeX Font Info:    Font shape `OMS/cmr/m/n' in size <12> not available
(Font)              Font shape `OMS/cmsy/m/n' tried instead on input line 107.
 [4

] [5

] [6

] (./thesis.toc
LaTeX Font Info:    Try loading font information for U+rsfs on input line 1.

(/usr/local/texlive/2014/texmf-dist/tex/latex/jknapltx/ursfs.fd
File: ursfs.fd 1998/03/24 rsfs font definition file (jk)
)) [7

]
(./thesis.lof [8

])
\nomitemorigsep=\skip205

No file thesis.nls.
[9]) [10

]
\openout2 = `nomenclature.aux'.

 (./nomenclature.tex)
\openout2 = `1introduction/introduction.aux'.

 (./1introduction/introduction.tex
Overfull \hbox (3.35674pt too wide) in paragraph at lines 3--4
[][] \OT1/cmr/m/n/12 to be fin-ished/modified when the work
 []

<1introduction/pics/scheme_intro.pdf, id=255, 537.00626pt x 759.83875pt>
File: 1introduction/pics/scheme_intro.pdf Graphic file (type pdf)

<use 1introduction/pics/scheme_intro.pdf>
Package pdftex.def Info: 1introduction/pics/scheme_intro.pdf used on input line
 27.
(pdftex.def)             Requested size: 398.0pt x 563.15303pt.


LaTeX Warning: Float too large for page by 19.38013pt on input line 30.

[11





] [12 <./1introduction/pics/scheme_intro.pdf>] [13

]

Package natbib Warning: Citation `???' on page 14 undefined on input line 52.

<1introduction/pics/amr1.jpg, id=375, 929.4725pt x 569.12625pt>
File: 1introduction/pics/amr1.jpg Graphic file (type jpg)

<use 1introduction/pics/amr1.jpg>
Package pdftex.def Info: 1introduction/pics/amr1.jpg used on input line 62.
(pdftex.def)             Requested size: 238.80243pt x 146.21513pt.

<1introduction/pics/amr3.jpg, id=376, 929.4725pt x 850.17625pt>
File: 1introduction/pics/amr3.jpg Graphic file (type jpg)

<use 1introduction/pics/amr3.jpg>
Package pdftex.def Info: 1introduction/pics/amr3.jpg used on input line 63.
(pdftex.def)             Requested size: 250.10997pt x 228.78038pt.

<1introduction/pics/amr4_half.png, id=377, 401.5pt x 838.13126pt>
File: 1introduction/pics/amr4_half.png Graphic file (type png)

<use 1introduction/pics/amr4_half.png>
Package pdftex.def Info: 1introduction/pics/amr4_half.png used on input line 65
.
(pdftex.def)             Requested size: 109.59496pt x 228.78038pt.


LaTeX Warning: `h' float specifier changed to `ht'.

[14] [15 <./1introduction/pics/amr1.jpg> <./1introduction/pics/amr3.jpg> <./1in
troduction/pics/amr4_half.png>]

Package natbib Warning: Citation `????' on page 16 undefined on input line 77.

[16]

Package natbib Warning: Citation `????' on page 17 undefined on input line 109.


[17]

Package natbib Warning: Citation `????' on page 18 undefined on input line 113.



Package natbib Warning: Citation `????' on page 18 undefined on input line 117.



Package natbib Warning: Citation `????' on page 18 undefined on input line 119.


[18] <1introduction/pics/amp_mech.jpg, id=459, 520.59982pt x 401.00256pt>
File: 1introduction/pics/amp_mech.jpg Graphic file (type jpg)

<use 1introduction/pics/amp_mech.jpg>
Package pdftex.def Info: 1introduction/pics/amp_mech.jpg used on input line 137
.
(pdftex.def)             Requested size: 278.59879pt x 214.59238pt.
 [19] [20 <./1introduction/pics/amp_mech.jpg>]
Missing character: There is no â in font cmr12!
Missing character: There is no € in font cmr12!
Missing character: There is no ™ in font cmr12!
 [21]

Package natbib Warning: Citation `???' on page 22 undefined on input line 188.

[22] [23] [24] [25]

Package natbib Warning: Citation `??' on page 26 undefined on input line 241.

Missing character: There is no â in font cmr12!
Missing character: There is no € in font cmr12!
Missing character: There is no “ in font cmr12!

Package natbib Warning: Citation `???' on page 26 undefined on input line 260.

[26] [27] [28]

Package natbib Warning: Citation `???' on page 29 undefined on input line 308.

[29] [30]
Missing character: There is no Â in font cmr12!
Missing character: There is no ­ in font cmr12!

Overfull \hbox (4.62915pt too wide) in paragraph at lines 338--341
\OT1/cmr/m/n/12 con-sists in de-sign-ing min-i-mal an-timi-cro-bial blocks: sev
-eral in-ves-ti-ga-tions proved
 []

[31] [32]
Overfull \hbox (9.37262pt too wide) in paragraph at lines 371--374
\OT1/cmr/m/n/12 quences with im-proved po-tency or se-lec-tiv-ity; how-ever, it
 is still a case-dependent
 []

[33] <1introduction/pics/gene_therapy.jpeg, id=682, 435.90855pt x 327.98535pt>
File: 1introduction/pics/gene_therapy.jpeg Graphic file (type jpg)

<use 1introduction/pics/gene_therapy.jpeg>
Package pdftex.def Info: 1introduction/pics/gene_therapy.jpeg used on input lin
e 395.
(pdftex.def)             Requested size: 358.19757pt x 269.51024pt.
 [34] [35 <./1introduction/pics/gene_therapy.jpeg>] [36]
<1introduction/pics/carbon_review.jpg, id=721, 319.77876pt x 127.9115pt>
File: 1introduction/pics/carbon_review.jpg Graphic file (type jpg)

<use 1introduction/pics/carbon_review.jpg>
Package pdftex.def Info: 1introduction/pics/carbon_review.jpg used on input lin
e 436.
(pdftex.def)             Requested size: 199.0pt x 79.60292pt.

Overfull \hbox (3.65268pt too wide) in paragraph at lines 442--443
[]\OT1/cmr/bx/n/12 Inorganic ma-te-ri-als for small drugs de-liv-ery[] \OT1/cmr
/m/n/12 Many in-or-ganic com-pounds
 []

[37 <./1introduction/pics/carbon_review.jpg>] [38] [39] [40] [41]
<1introduction/pics/capzip.png, id=805, 1434.35875pt x 346.29375pt>
File: 1introduction/pics/capzip.png Graphic file (type png)

<use 1introduction/pics/capzip.png>
Package pdftex.def Info: 1introduction/pics/capzip.png used on input line 510.
(pdftex.def)             Requested size: 398.0pt x 96.08443pt.

Overfull \hbox (11.70001pt too wide) in paragraph at lines 519--520
\OT1/cmr/m/n/12 assembled with the RNA strands, with-out caus-ing cy-to-toxic a
nd haemolytic
 []

[42 <./1introduction/pics/capzip.png>]

Package natbib Warning: Citation `???' on page 43 undefined on input line 524.

[43] [44] [45]
LaTeX Font Info:    Font shape `OMS/cmr/m/n' in size <8> not available
(Font)              Font shape `OMS/cmsy/m/n' tried instead on input line 596.
 [46]
Overfull \hbox (2.44029pt too wide) in paragraph at lines 604--609
[]\OT1/cmr/m/n/12 Finally, the pep-tide does ex-ert an an-timi-cro-bial func-ti
on: the non-assembled
 []

[47] [48]) [49]
\openout2 = `2methods/methods.aux'.

 (./2methods/methods.tex
Overfull \hbox (3.58176pt too wide) in paragraph at lines 3--8
[][] \OT1/cmr/m/n/12 sim-u-la-tions have been rightly de-fined as the `Com-
 []

[50



] [51] [52] [53] [54] [55] [56]
<2methods/pics/picture_chapter.pdf, id=994, 537.00626pt x 654.445pt>
File: 2methods/pics/picture_chapter.pdf Graphic file (type pdf)

<use 2methods/pics/picture_chapter.pdf>
Package pdftex.def Info: 2methods/pics/picture_chapter.pdf used on input line 1
41.
(pdftex.def)             Requested size: 349.04993pt x 425.38422pt.
 [57] [58 <./2methods/pics/picture_chapter.pdf>]
Overfull \hbox (4.62915pt too wide) in paragraph at lines 167--168
[]\OT1/cmr/m/n/12 The im-prove-ment of com-pu-ta-tional tech-niques and reparam
etri-sa-tion strate-
 []

[59] <2methods/pics/sirah_aa.png, id=1128, 1065.9825pt x 786.94pt>
File: 2methods/pics/sirah_aa.png Graphic file (type png)

<use 2methods/pics/sirah_aa.png>
Package pdftex.def Info: 2methods/pics/sirah_aa.png used on input line 181.
(pdftex.def)             Requested size: 318.40121pt x 235.05115pt.


LaTeX Warning: `!h' float specifier changed to `!ht'.

[60] [61 <./2methods/pics/sirah_aa.png>]
Overfull \hbox (2.67928pt too wide) in paragraph at lines 197--198
[]\OT1/cmr/m/n/12 MARTINI opts for a four-to-one ap-proach, i.e. four heavy ato
ms are grouped
 []

[62] [63] [64] [65] [66] [67]
Overfull \hbox (5.07777pt too wide) in paragraph at lines 273--274
[]\OT1/cmr/m/n/12 Despite the chal-lenges out-lines, Molec-u-lar Dy-nam-ics sim
-u-la-tions have played
 []

[68] [69] [70] [71]
Overfull \hbox (10.89029pt too wide) in paragraph at lines 319--320
[]\OT1/cmr/m/n/12 A more sys-tem-atic in-ves-ti-ga-tion on the topic has been p
er-formed by Sandoval-
 []

[72] [73] [74] [75] [76] [77] [78]) [79]
\openout2 = `3results_capsule/results_capsule.aux'.


(./3results_capsule/results_capsule.texpdfTeX warning (ext4): destination with 
the same identifier (name{subfigure.\(a\)}) has been already used, duplicate ig
nored
<to be read again> 
                   \relax 
l.17 \subbottom
               []{%
<3results_capsule/pics/merged_figures_beta_sheet.pdf, id=1409, 796.9775pt x 540
.0175pt>
File: 3results_capsule/pics/merged_figures_beta_sheet.pdf Graphic file (type pd
f)
 <use 3results_capsule/pics/merged_figures_beta_sheet.pdf>
Package pdftex.def Info: 3results_capsule/pics/merged_figures_beta_sheet.pdf us
ed on input line 18.
(pdftex.def)             Requested size: 278.59879pt x 188.76999pt.
pdfTeX warning (ext4): destination with the same identifier (name{subfigure.\(b
\)}) has been already used, duplicate ignored
<to be read again> 
                   \relax 
l.20 \subbottom
               []{%
<3results_capsule/pics/pi_stacking_plot_part1.png, id=1410, 2006.49625pt x 1582
.91376pt>
File: 3results_capsule/pics/pi_stacking_plot_part1.png Graphic file (type png)
 <use 3results_capsule/pics/pi_stacking_plot_part1.png>
Package pdftex.def Info: 3results_capsule/pics/pi_stacking_plot_part1.png used 
on input line 21.
(pdftex.def)             Requested size: 187.06049pt x 147.55243pt.
pdfTeX warning (ext4): destination with the same identifier (name{subfigure.\(c
\)}) has been already used, duplicate ignored
<to be read again> 
                   \relax 
l.22 \subbottom
               []{%
<3results_capsule/pics/pi_stacking_plot_part2.png, id=1411, 2006.49625pt x 1582
.91376pt>
File: 3results_capsule/pics/pi_stacking_plot_part2.png Graphic file (type png)
 <use 3results_capsule/pics/pi_stacking_plot_part2.png>
Package pdftex.def Info: 3results_capsule/pics/pi_stacking_plot_part2.png used 
on input line 23.
(pdftex.def)             Requested size: 187.06049pt x 147.55243pt.
pdfTeX warning (ext4): destination with the same identifier (name{subfigure.\(a
\)}) has been already used, duplicate ignored
<to be read again> 
                   \relax 
l.40 \subbottom
               []{%
<3results_capsule/pics/beta_trpHbonds.pdf, id=1415, 845.0471pt x 597.52231pt>
File: 3results_capsule/pics/beta_trpHbonds.pdf Graphic file (type pdf)

<use 3results_capsule/pics/beta_trpHbonds.pdf>
Package pdftex.def Info: 3results_capsule/pics/beta_trpHbonds.pdf used on input
 line 41.
(pdftex.def)             Requested size: 159.19757pt x 112.56396pt.
pdfTeX warning (ext4): destination with the same identifier (name{subfigure.\(b
\)}) has been already used, duplicate ignored
<to be read again> 
                   \relax 
l.43 \subbottom
               []{%
<3results_capsule/pics/beta_surf.pdf, id=1416, 845.0471pt x 597.52231pt>
File: 3results_capsule/pics/beta_surf.pdf Graphic file (type pdf)

<use 3results_capsule/pics/beta_surf.pdf>
Package pdftex.def Info: 3results_capsule/pics/beta_surf.pdf used on input line
 44.
(pdftex.def)             Requested size: 159.19757pt x 112.56396pt.
pdfTeX warning (ext4): destination with the same identifier (name{subfigure.\(c
\)}) has been already used, duplicate ignored
<to be read again> 
                   \relax 
l.45 \subbottom
               []{%
<3results_capsule/pics/pentamer_restype.png, id=1417, 1857.94125pt x 1403.2425p
t>
File: 3results_capsule/pics/pentamer_restype.png Graphic file (type png)
 <use 3results_capsule/pics/pentamer_restype.png>
Package pdftex.def Info: 3results_capsule/pics/pentamer_restype.png used on inp
ut line 46.
(pdftex.def)             Requested size: 179.09879pt x 135.25789pt.

<3results_capsule/pics/soccer_empos_extern_superimposed.png, id=1418, 597.73312
pt x 597.73312pt>
File: 3results_capsule/pics/soccer_empos_extern_superimposed.png Graphic file (
type png)

<use 3results_capsule/pics/soccer_empos_extern_superimposed.png>
Package pdftex.def Info: 3results_capsule/pics/soccer_empos_extern_superimposed
.png used on input line 48.
(pdftex.def)             Requested size: 179.09879pt x 179.10242pt.
 [80



] [81 <./3results_capsule/pics/merged_figures_beta_sheet.pdf> <./3results_capsu
le/pics/pi_stacking_plot_part1.png> <./3results_capsule/pics/pi_stacking_plot_p
art2.png>]
[82 <./3results_capsule/pics/beta_trpHbonds.pdf> <./3results_capsule/pics/beta_
surf.pdf> <./3results_capsule/pics/pentamer_restype.png> <./3results_capsule/pi
cs/soccer_empos_extern_superimposed.png>]pdfTeX warning (ext4): destination wit
h the same identifier (name{subfigure.\(a\)}) has been already used, duplicate 
ignored
<to be read again> 
                   \relax 
l.72 \subbottom
               []{\includegraphics[width=0.45\linewidth]{3results_capsule/pi...
<3results_capsule/pics/bb_contacts.png, id=1483, 1555.8125pt x 1204.5pt>
File: 3results_capsule/pics/bb_contacts.png Graphic file (type png)

<use 3results_capsule/pics/bb_contacts.png>
Package pdftex.def Info: 3results_capsule/pics/bb_contacts.png used on input li
ne 72.
(pdftex.def)             Requested size: 179.09879pt x 138.65242pt.
pdfTeX warning (ext4): destination with the same identifier (name{subfigure.\(b
\)}) has been already used, duplicate ignored
<to be read again> 
                   \relax 
l.73 \subbottom
               []{\includegraphics[width=0.45\linewidth]{3results_capsule/pi...

<3results_capsule/pics/chain_COM_distance.png, id=1484, 1555.8125pt x 1204.5pt>
File: 3results_capsule/pics/chain_COM_distance.png Graphic file (type png)
<use 3results_capsule/pics/chain_COM_distance.png>
Package pdftex.def Info: 3results_capsule/pics/chain_COM_distance.png used on i
nput line 73.
(pdftex.def)             Requested size: 179.09879pt x 138.65242pt.
 [83] [84 <./3results_capsule/pics/bb_contacts.png> <./3results_capsule/pics/ch
ain_COM_distance.png>]pdfTeX warning (ext4): destination with the same identifi
er (name{subfigure.\(a\)}) has been already used, duplicate ignored
<to be read again> 
                   \relax 
l.102 \subbottom
                []{\includegraphics[width=0.45\linewidth]{3results_capsule/p...
<3results_capsule/pics/pL6_Pramp_pic2.png, id=1507, 2208.25pt x 1358.07375pt>
File: 3results_capsule/pics/pL6_Pramp_pic2.png Graphic file (type png)

<use 3results_capsule/pics/pL6_Pramp_pic2.png>
Package pdftex.def Info: 3results_capsule/pics/pL6_Pramp_pic2.png used on input
 line 102.
(pdftex.def)             Requested size: 179.09879pt x 110.14014pt.
pdfTeX warning (ext4): destination with the same identifier (name{subfigure.\(b
\)}) has been already used, duplicate ignored
<to be read again> 
                   \relax 
l.103 \subbottom
                []{\includegraphics[width=0.45\linewidth]{3results_capsule/p...
<3results_capsule/pics/fig7_irene.png, id=1508, 1809.76125pt x 1355.0625pt>
File: 3results_capsule/pics/fig7_irene.png Graphic file (type png)

<use 3results_capsule/pics/fig7_irene.png>
Package pdftex.def Info: 3results_capsule/pics/fig7_irene.png used on input lin
e 103.
(pdftex.def)             Requested size: 179.09879pt x 134.0875pt.
 [85 <./3results_capsule/pics/pL6_Pramp_pic2.png> <./3results_capsule/pics/fig7
_irene.png>] [86] [87] [88]

LaTeX Warning: Reference `table:SI_sim_E' on page 89 undefined on input line 17
8.


LaTeX Warning: Reference `table:SI_sim_E' on page 89 undefined on input line 21
4.


LaTeX Warning: Reference `table:SI_sim_E' on page 89 undefined on input line 21
4.

[89] [90] [91]

Package natbib Warning: Citation `??' on page 92 undefined on input line 266.

[92] [93]
Missing character: There is no â in font cmr12!
Missing character: There is no € in font cmr12!
Missing character: There is no ™ in font cmr12!
 [94]
<3results_capsule/pics/staR3_render.png, id=1635, 1535.7375pt x 1261.71375pt>
File: 3results_capsule/pics/staR3_render.png Graphic file (type png)

<use 3results_capsule/pics/staR3_render.png>
Package pdftex.def Info: 3results_capsule/pics/staR3_render.png used on input l
ine 323.
(pdftex.def)             Requested size: 199.0pt x 163.48949pt.
 [95]pdfTeX warning (ext4): destination with the same identifier (name{subfigur
e.\(a\)}) has been already used, duplicate ignored
<to be read again> 
                   \relax 
l.334 \subbottom
                []{\includegraphics[width=0.48\linewidth]{3results_capsule/p...
<3results_capsule/pics/Rg_all.png, id=1645, 1455.4375pt x 1405.25pt>
File: 3results_capsule/pics/Rg_all.png Graphic file (type png)

<use 3results_capsule/pics/Rg_all.png>
Package pdftex.def Info: 3results_capsule/pics/Rg_all.png used on input line 33
4.
(pdftex.def)             Requested size: 191.0383pt x 184.44719pt.
pdfTeX warning (ext4): destination with the same identifier (name{subfigure.\(b
\)}) has been already used, duplicate ignored
<to be read again> 
                   \relax 
l.335 \subbottom
                []{\includegraphics[width=0.48\linewidth]{3results_capsule/p...
<3results_capsule/pics/RMSD_all.png, id=1646, 1455.4375pt x 1405.25pt>
File: 3results_capsule/pics/RMSD_all.png Graphic file (type png)

<use 3results_capsule/pics/RMSD_all.png>
Package pdftex.def Info: 3results_capsule/pics/RMSD_all.png used on input line 
335.
(pdftex.def)             Requested size: 191.0383pt x 184.44719pt.
pdfTeX warning (ext4): destination with the same identifier (name{subfigure.\(c
\)}) has been already used, duplicate ignored
<to be read again> 
                   \relax 
l.336 \subbottom
                []{\includegraphics[width=0.6\linewidth]{3results_capsule/pi...
<3results_capsule/pics/RDF_all.png, id=1647, 1806.75pt x 1405.25pt>
File: 3results_capsule/pics/RDF_all.png Graphic file (type png)

<use 3results_capsule/pics/RDF_all.png>
Package pdftex.def Info: 3results_capsule/pics/RDF_all.png used on input line 3
36.
(pdftex.def)             Requested size: 238.80243pt x 185.73372pt.
 [96 <./3results_capsule/pics/staR3_render.png>] [97 <./3results_capsule/pics/R
g_all.png> <./3results_capsule/pics/RMSD_all.png> <./3results_capsule/pics/RDF_
all.png>]
<3results_capsule/pics/RKGBcorr_boxplot_all.png, id=1668, 2509.375pt x 1003.75p
t>
File: 3results_capsule/pics/RKGBcorr_boxplot_all.png Graphic file (type png)
 <use 3results_capsule/pics/RKGBcorr_boxplot_all.png>
Package pdftex.def Info: 3results_capsule/pics/RKGBcorr_boxplot_all.png used on
 input line 353.
(pdftex.def)             Requested size: 378.09879pt x 151.2299pt.

<3results_capsule/pics/stAll_beta_R1.png, id=1671, 1806.75pt x 853.1875pt>
File: 3results_capsule/pics/stAll_beta_R1.png Graphic file (type png)

<use 3results_capsule/pics/stAll_beta_R1.png>
Package pdftex.def Info: 3results_capsule/pics/stAll_beta_R1.png used on input 
line 366.
(pdftex.def)             Requested size: 338.30243pt x 159.75095pt.

<3results_capsule/pics/new_rep1_allFF.png, id=1672, 2409.0pt x 2810.5pt>
File: 3results_capsule/pics/new_rep1_allFF.png Graphic file (type png)

<use 3results_capsule/pics/new_rep1_allFF.png>
Package pdftex.def Info: 3results_capsule/pics/new_rep1_allFF.png used on input
 line 375.
(pdftex.def)             Requested size: 378.09879pt x 441.11224pt.
 [98] [99 <./3results_capsule/pics/RKGBcorr_boxplot_all.png> <./3results_capsul
e/pics/stAll_beta_R1.png>]
[100 <./3results_capsule/pics/new_rep1_allFF.png>]
<3results_capsule/pics/Hb_all.png, id=1693, 1806.75pt x 1505.625pt>
File: 3results_capsule/pics/Hb_all.png Graphic file (type png)

<use 3results_capsule/pics/Hb_all.png>
Package pdftex.def Info: 3results_capsule/pics/Hb_all.png used on input line 39
6.
(pdftex.def)             Requested size: 338.30243pt x 281.91344pt.


Package natbib Warning: Citation `pops' on page 101 undefined on input line 401
.

pdfTeX warning (ext4): destination with the same identifier (name{subfigure.\(a
\)}) has been already used, duplicate ignored
<to be read again> 
                   \relax 
l.405 \subbottom
                []{\includegraphics[height=0.3\linewidth]{3results_capsule/p...

<3results_capsule/pics/st_All_sasa_fractions.png, id=1695, 1304.875pt x 803.0pt
>
File: 3results_capsule/pics/st_All_sasa_fractions.png Graphic file (type png)
 <use 3results_capsule/pics/st_All_sasa_fractions.png>
Package pdftex.def Info: 3results_capsule/pics/st_All_sasa_fractions.png used o
n input line 405.
(pdftex.def)             Requested size: 194.01048pt x 119.40121pt.
pdfTeX warning (ext4): destination with the same identifier (name{subfigure.\(b
\)}) has been already used, duplicate ignored
<to be read again> 
                   \relax 
l.406 \subbottom
                []{\includegraphics[height=0.3\linewidth]{3results_capsule/p...
<3results_capsule/pics/st_All_Qsasa.png, id=1696, 1003.75pt x 803.0pt>
File: 3results_capsule/pics/st_All_Qsasa.png Graphic file (type png)

<use 3results_capsule/pics/st_All_Qsasa.png>
Package pdftex.def Info: 3results_capsule/pics/st_All_Qsasa.png used on input l
ine 406.
(pdftex.def)             Requested size: 149.23883pt x 119.40121pt.
 [101] [102 <./3results_capsule/pics/Hb_all.png>]
Overfull \hbox (1.12083pt too wide) in paragraph at lines 421--424
[]\OT1/cmr/bx/n/12 Force field com-par-i-son[] \OT1/cmr/m/n/12 As fore-see-able
, the struc-tures ob-tained with coarse-
 []

[103 <./3results_capsule/pics/st_All_sasa_fractions.png> <./3results_capsule/pi
cs/st_All_Qsasa.png>] [104]pdfTeX warning (ext4): destination with the same ide
ntifier (name{subfigure.\(a\)}) has been already used, duplicate ignored
<to be read again> 
                   \relax 
l.447 \subbottom
                []{\includegraphics[width=0.8\linewidth]{3results_capsule/pi...

<3results_capsule/pics/many_energies_brief.png, id=1727, 1806.75pt x 853.1875pt
>
File: 3results_capsule/pics/many_energies_brief.png Graphic file (type png)
 <use 3results_capsule/pics/many_energies_brief.png>
Package pdftex.def Info: 3results_capsule/pics/many_energies_brief.png used on 
input line 447.
(pdftex.def)             Requested size: 318.40121pt x 150.35153pt.
pdfTeX warning (ext4): destination with the same identifier (name{subfigure.\(b
\)}) has been already used, duplicate ignored
<to be read again> 
                   \relax 
l.448 \subbottom
                []{\includegraphics[width=0.8\linewidth]{3results_capsule/pi...

<3results_capsule/pics/ratio_energies_brief.png, id=1728, 1806.75pt x 853.1875p
t>
File: 3results_capsule/pics/ratio_energies_brief.png Graphic file (type png)
 <use 3results_capsule/pics/ratio_energies_brief.png>
Package pdftex.def Info: 3results_capsule/pics/ratio_energies_brief.png used on
 input line 448.
(pdftex.def)             Requested size: 318.40121pt x 150.35153pt.
 [105] [106 <./3results_capsule/pics/many_energies_brief.png> <./3results_capsu
le/pics/ratio_energies_brief.png>]
Overfull \hbox (2.99306pt too wide) in paragraph at lines 477--478
[]\OT1/cmr/m/n/12 An in-ter-est-ing fol-low up on this topic would be in-ves-ti
-gat-ing won-der whether
 []


<3results_capsule/pics/compare_MonoBi_rmsd.png, id=1740, 1806.75pt x 1405.25pt>
File: 3results_capsule/pics/compare_MonoBi_rmsd.png Graphic file (type png)
<use 3results_capsule/pics/compare_MonoBi_rmsd.png>
Package pdftex.def Info: 3results_capsule/pics/compare_MonoBi_rmsd.png used on 
input line 485.
(pdftex.def)             Requested size: 199.0pt x 154.77095pt.
pdfTeX warning (ext4): destination with the same identifier (name{subfigure.\(a
\)}) has been already used, duplicate ignored
<to be read again> 
                   \relax 
l.486         \subbottom
                        []{\includegraphics[width=\linewidth]{3results_capsu...

<3results_capsule/pics/compare_MonoBi_rmsd_init.png, id=1741, 1806.75pt x 1405.
25pt>
File: 3results_capsule/pics/compare_MonoBi_rmsd_init.png Graphic file (type png
)
 <use 3results_capsule/pics/compare_MonoBi_rmsd_init.png>
Package pdftex.def Info: 3results_capsule/pics/compare_MonoBi_rmsd_init.png use
d on input line 486.
(pdftex.def)             Requested size: 199.0pt x 154.77095pt.

Overfull \hbox (3.91663pt too wide) in paragraph at lines 485--487
[][] 
 []

pdfTeX warning (ext4): destination with the same identifier (name{subfigure.\(b
\)}) has been already used, duplicate ignored
<to be read again> 
                   \relax 
l.489         \subbottom
                        []{\includegraphics[width=\linewidth]{3results_capsu...

<3results_capsule/pics/compare_MonoBi_RDF.png, id=1742, 1505.625pt x 2710.125pt
>
File: 3results_capsule/pics/compare_MonoBi_RDF.png Graphic file (type png)
 <use 3results_capsule/pics/compare_MonoBi_RDF.png>
Package pdftex.def Info: 3results_capsule/pics/compare_MonoBi_RDF.png used on i
nput line 489.
(pdftex.def)             Requested size: 175.12097pt x 315.19351pt.

Overfull \hbox (3.91663pt too wide) in paragraph at lines 489--490
[][] 
 []

[107] [108 <./3results_capsule/pics/compare_MonoBi_rmsd.png> <./3results_capsul
e/pics/compare_MonoBi_rmsd_init.png> <./3results_capsule/pics/compare_MonoBi_RD
F.png>]pdfTeX warning (ext4): destination with the same identifier (name{subfig
ure.\(a\)}) has been already used, duplicate ignored
<to be read again> 
                   \relax 
l.504 \subbottom
                []{\includegraphics[width=0.4\linewidth]{3results_capsule/pi...

<3results_capsule/pics/sirah_mono_all.png, id=1762, 934.49126pt x 970.62625pt>
File: 3results_capsule/pics/sirah_mono_all.png Graphic file (type png)

<use 3results_capsule/pics/sirah_mono_all.png>
Package pdftex.def Info: 3results_capsule/pics/sirah_mono_all.png used on input
 line 504.
(pdftex.def)             Requested size: 159.19757pt x 165.34492pt.
pdfTeX warning (ext4): destination with the same identifier (name{subfigure.\(b
\)}) has been already used, duplicate ignored
<to be read again> 
                   \relax 
l.505 \subbottom
                []{\includegraphics[width=0.45\linewidth]{3results_capsule/p...

<3results_capsule/pics/sirah_mono_detail.png, id=1763, 1294.8375pt x 894.34125p
t>
File: 3results_capsule/pics/sirah_mono_detail.png Graphic file (type png)
 <use 3results_capsule/pics/sirah_mono_detail.png>
Package pdftex.def Info: 3results_capsule/pics/sirah_mono_detail.png used on in
put line 505.
(pdftex.def)             Requested size: 179.09879pt x 123.69215pt.
pdfTeX warning (ext4): destination with the same identifier (name{subfigure.\(a
\)}) has been already used, duplicate ignored
<to be read again> 
                   \relax 
l.514 \subbottom
                []{\includegraphics[height=0.32\linewidth]{3results_capsule/...

<3results_capsule/pics/st_sasaRes_mono_bi_init_bars.png, id=1765, 1304.875pt x 
903.375pt>
File: 3results_capsule/pics/st_sasaRes_mono_bi_init_bars.png Graphic file (type
 png)
 <use 3results_capsule/pics/st_sasaRes_mono_bi_init_bars.png>
Package pdftex.def Info: 3results_capsule/pics/st_sasaRes_mono_bi_init_bars.png
 used on input line 514.
(pdftex.def)             Requested size: 183.95554pt x 127.36292pt.
pdfTeX warning (ext4): destination with the same identifier (name{subfigure.\(b
\)}) has been already used, duplicate ignored
<to be read again> 
                   \relax 
l.515 \subbottom
                []{\includegraphics[height=0.32\linewidth]{3results_capsule/...

<3results_capsule/pics/st_sasaRes_mono_bi_bars.png, id=1766, 1304.875pt x 903.3
75pt>
File: 3results_capsule/pics/st_sasaRes_mono_bi_bars.png Graphic file (type png)

 <use 3results_capsule/pics/st_sasaRes_mono_bi_bars.png>
Package pdftex.def Info: 3results_capsule/pics/st_sasaRes_mono_bi_bars.png used
 on input line 515.
(pdftex.def)             Requested size: 183.95554pt x 127.36292pt.
 [109] [110 <./3results_capsule/pics/sirah_mono_all.png> <./3results_capsule/pi
cs/sirah_mono_detail.png> <./3results_capsule/pics/st_sasaRes_mono_bi_init_bars
.png> <./3results_capsule/pics/st_sasaRes_mono_bi_bars.png>]pdfTeX warning (ext
4): destination with the same identifier (name{subfigure.\(a\)}) has been alrea
dy used, duplicate ignored
<to be read again> 
                   \relax 
l.570 \subbottom
                []{\includegraphics[height=6cm]{3results_capsule/pics/apl.pn...
<3results_capsule/pics/apl.png, id=1783, 1575.8875pt x 1003.75pt>
File: 3results_capsule/pics/apl.png Graphic file (type png)

<use 3results_capsule/pics/apl.png>
Package pdftex.def Info: 3results_capsule/pics/apl.png used on input line 570.
(pdftex.def)             Requested size: 268.01756pt x 170.71652pt.

Overfull \hbox (3.90929pt too wide) in paragraph at lines 570--571
 [][] 
 []

pdfTeX warning (ext4): destination with the same identifier (name{subfigure.\(b
\)}) has been already used, duplicate ignored
<to be read again> 
                   \relax 
l.574 \subbottom
                []{\includegraphics[height=6cm]{3results_capsule/pics/diff.p...
<3results_capsule/pics/diff.png, id=1784, 953.5625pt x 1003.75pt>
File: 3results_capsule/pics/diff.png Graphic file (type png)

<use 3results_capsule/pics/diff.png>
Package pdftex.def Info: 3results_capsule/pics/diff.png used on input line 574.

(pdftex.def)             Requested size: 162.17622pt x 170.71652pt.

Overfull \hbox (3.91223pt too wide) in paragraph at lines 574--575
 [][] 
 []

pdfTeX warning (ext4): destination with the same identifier (name{subfigure.\(c
\)}) has been already used, duplicate ignored
<to be read again> 
                   \relax 
l.578 \subbottom
                []{\includegraphics[height=6cm]{3results_capsule/pics/order2...
<3results_capsule/pics/order2.png, id=1785, 953.5625pt x 1003.75pt>
File: 3results_capsule/pics/order2.png Graphic file (type png)

<use 3results_capsule/pics/order2.png>
Package pdftex.def Info: 3results_capsule/pics/order2.png used on input line 57
8.
(pdftex.def)             Requested size: 162.17622pt x 170.71652pt.

Overfull \hbox (3.91223pt too wide) in paragraph at lines 578--579
 [][] 
 []

<3results_capsule/pics/pb4_S6.png, id=1790, 1505.625pt x 1304.875pt>
File: 3results_capsule/pics/pb4_S6.png Graphic file (type png)

<use 3results_capsule/pics/pb4_S6.png>
Package pdftex.def Info: 3results_capsule/pics/pb4_S6.png used on input line 59
2.
(pdftex.def)             Requested size: 199.0pt x 172.46703pt.
 [111] [112 <./3results_capsule/pics/apl.png> <./3results_capsule/pics/diff.png
> <./3results_capsule/pics/order2.png>]
[113 <./3results_capsule/pics/pb4_S6.png>]
Overfull \vbox (4.51958pt too high) detected at line 627
 []


LaTeX Warning: `!h' float specifier changed to `!ht'.

[114]

LaTeX Warning: Text page 115 contains only floats.

[115]pdfTeX warning (ext4): destination with the same identifier (name{subfigur
e.\(a\)}) has been already used, duplicate ignored
<to be read again> 
                   \relax 
l.689 \subbottom
                []{\includegraphics[width=45mm]{3results_capsule/pics/cg-130...
<3results_capsule/pics/cg-130_600ns.png, id=1832, 1326.9575pt x 1098.1025pt>
File: 3results_capsule/pics/cg-130_600ns.png Graphic file (type png)

<use 3results_capsule/pics/cg-130_600ns.png>
Package pdftex.def Info: 3results_capsule/pics/cg-130_600ns.png used on input l
ine 689.
(pdftex.def)             Requested size: 128.0374pt x 105.94612pt.

Overfull \hbox (28.47621pt too wide) in paragraph at lines 689--690
 [][] 
 []

pdfTeX warning (ext4): destination with the same identifier (name{subfigure.\(b
\)}) has been already used, duplicate ignored
<to be read again> 
                   \relax 
l.693 \subbottom
                []{\includegraphics[width=60mm]{3results_capsule/pics/pore_l...

<3results_capsule/pics/pore_large_130.png, id=1833, 1414.28375pt x 1267.73625pt
>
File: 3results_capsule/pics/pore_large_130.png Graphic file (type png)
 <use 3results_capsule/pics/pore_large_130.png>
Package pdftex.def Info: 3results_capsule/pics/pore_large_130.png used on input
 line 694.
(pdftex.def)             Requested size: 170.71652pt x 153.01161pt.

Overfull \hbox (15.43558pt too wide) in paragraph at lines 693--695
 [][] 
 []

pdfTeX warning (ext4): destination with the same identifier (name{subfigure.\(c
\)}) has been already used, duplicate ignored
<to be read again> 
                   \relax 
l.698 \subbottom
                []{\includegraphics[width=40mm]{3results_capsule/pics/pore_a...
<3results_capsule/pics/pore_arg.png, id=1834, 345.4506pt x 376.2858pt>
File: 3results_capsule/pics/pore_arg.png Graphic file (type png)

<use 3results_capsule/pics/pore_arg.png>
Package pdftex.def Info: 3results_capsule/pics/pore_arg.png used on input line 
699.
(pdftex.def)             Requested size: 113.81102pt x 123.96799pt.

Overfull \hbox (14.24983pt too wide) in paragraph at lines 698--700
 [][] 
 []

[116 <./3results_capsule/pics/cg-130_600ns.png> <./3results_capsule/pics/pore_l
arge_130.png> <./3results_capsule/pics/pore_arg.png>]) [117] [118]
\openout2 = `4lip_par/lip_par.aux'.


(./4lip_par/lip_par.tex) [119



]
\openout2 = `appendix.aux'.

 (./appendix.tex

LaTeX Warning: Reference `eq:predictive_distribution' on page 120 undefined on 
input line 12.


Package natbib Warning: Citation `--' on page 120 undefined on input line 12.


Package natbib Warning: Citation `--' on page 120 undefined on input line 12.

) [120



] (./thesis.bbl
Underfull \hbox (badness 10000) in paragraph at lines 63--65
\OT1/cmtt/m/n/12 com / au / en / home / applications / L1 _ AutoChem _ Applicat
ions / L2 _
 []


Underfull \hbox (badness 2617) in paragraph at lines 67--69
[]\OT1/cmr/m/n/12 Wikipedia; Li-po-some. ; 2015. []$\OT1/cmtt/m/n/12 https : / 
/ en . wikipedia . org / wiki /
 []

[121



] [122] [123] [124] [125] [126] [127] [128] [129] [130]
Missing character: There is no â in font cmr12!
Missing character: There is no € in font cmr12!
Missing character: There is no “ in font cmr12!
 [131] [132]
[133] [134] [135] [136]
Missing character: There is no â in font cmr12!
Missing character: There is no € in font cmr12!
Missing character: There is no “ in font cmr12!
 [137] [138] [139] [140] [141] [142] [143] [144]
[145]
Missing character: There is no â in font cmr12!
Missing character: There is no € in font cmr12!
Missing character: There is no “ in font cmr12!
 [146] [147] [148] [149] [150])

Package natbib Warning: There were undefined citations.

[151]
\tf@toc=\write7
\openout7 = `thesis.toc'.

\tf@lof=\write8
\openout8 = `thesis.lof'.

Package atveryend Info: Empty hook `BeforeClearDocument' on input line 63.
Package atveryend Info: Empty hook `AfterLastShipout' on input line 63.
 (./thesis.aux (./front.aux) (./nomenclature.aux)
(./1introduction/introduction.aux) (./2methods/methods.aux)
(./3results_capsule/results_capsule.aux) (./4lip_par/lip_par.aux)
(./appendix.aux))
Package atveryend Info: Executing hook `AtVeryEndDocument' on input line 63.
Package atveryend Info: Executing hook `AtEndAfterFileList' on input line 63.
Package rerunfilecheck Info: File `thesis.out' has not changed.
(rerunfilecheck)             Checksum: 9C88082D55B46C0D8782AC2DB5F8ABF0;1689.


LaTeX Warning: There were undefined references.


LaTeX Warning: There were multiply-defined labels.

 ) 
Here is how much of TeX's memory you used:
 24920 strings out of 493117
 438873 string characters out of 6135434
 570863 words of memory out of 5000000
 27207 multiletter control sequences out of 15000+600000
 19321 words of font info for 73 fonts, out of 8000000 for 9000
 1143 hyphenation exceptions out of 8191
 70i,14n,92p,1591b,1604s stack positions out of 5000i,500n,10000p,200000b,80000s
</usr/local/texlive/2014/texmf-dist/fonts/type1/public/amsfonts/cm/cmbx10.pfb
></usr/local/texlive/2014/texmf-dist/fonts/type1/public/amsfonts/cm/cmbx12.pfb>
</usr/local/texlive/2014/texmf-dist/fonts/type1/public/amsfonts/cm/cmcsc10.pfb>
</usr/local/texlive/2014/texmf-dist/fonts/type1/public/amsfonts/cm/cmex10.pfb><
/usr/local/texlive/2014/texmf-dist/fonts/type1/public/amsfonts/cm/cmmi10.pfb></
usr/local/texlive/2014/texmf-dist/fonts/type1/public/amsfonts/cm/cmmi12.pfb></u
sr/local/texlive/2014/texmf-dist/fonts/type1/public/amsfonts/cm/cmmi6.pfb></usr
/local/texlive/2014/texmf-dist/fonts/type1/public/amsfonts/cm/cmmi8.pfb></usr/l
ocal/texlive/2014/texmf-dist/fonts/type1/public/amsfonts/cm/cmr10.pfb></usr/loc
al/texlive/2014/texmf-dist/fonts/type1/public/amsfonts/cm/cmr12.pfb></usr/local
/texlive/2014/texmf-dist/fonts/type1/public/amsfonts/cm/cmr17.pfb></usr/local/t
exlive/2014/texmf-dist/fonts/type1/public/amsfonts/cm/cmr6.pfb></usr/local/texl
ive/2014/texmf-dist/fonts/type1/public/amsfonts/cm/cmr8.pfb></usr/local/texlive
/2014/texmf-dist/fonts/type1/public/amsfonts/cm/cmss12.pfb></usr/local/texlive/
2014/texmf-dist/fonts/type1/public/amsfonts/cm/cmss17.pfb></usr/local/texlive/2
014/texmf-dist/fonts/type1/public/amsfonts/cm/cmsy10.pfb></usr/local/texlive/20
14/texmf-dist/fonts/type1/public/amsfonts/cm/cmsy6.pfb></usr/local/texlive/2014
/texmf-dist/fonts/type1/public/amsfonts/cm/cmsy8.pfb></usr/local/texlive/2014/t
exmf-dist/fonts/type1/public/amsfonts/cm/cmti12.pfb></usr/local/texlive/2014/te
xmf-dist/fonts/type1/public/amsfonts/cm/cmtt12.pfb>
Output written on thesis.pdf (151 pages, 29979173 bytes).
PDF statistics:
 2211 PDF objects out of 2487 (max. 8388607)
 1858 compressed objects within 19 object streams
 580 named destinations out of 1000 (max. 500000)
 445 words of extra memory for PDF output out of 10000 (max. 10000000)

